# JRE version: OpenJDK Runtime Environment (17.0.9) (build 17.0.9+0--11185874)
# Java VM: OpenJDK 64-Bit Server VM (17.0.9+0--11185874, mixed mode, tiered, compressed oops, compressed class ptrs, g1 gc, windows-amd64)
GC Precious Log:
 CPUs: 8 total, 8 available
 Memory: 16062M
 Large Page Support: Disabled
 NUMA Support: Disabled
 Compressed Oops: Enabled (32-bit)
 Heap Region Size: 1M
 Heap Min Capacity: 8M
 Heap Initial Capacity: 252M
 Heap Max Capacity: 2G
 Pre-touch: Disabled
 Parallel Workers: 8
 Concurrent Workers: 2
 Concurrent Refinement Workers: 8
 Periodic GC: Disabled
Heap:
 garbage-first heap   total 343040K, used 196619K [0x0000000080000000, 0x0000000100000000)
  region size 1024K, 3 young (3072K), 1 survivors (1024K)
 Metaspace       used 112648K, committed 113408K, reserved 1179648K
  class space    used 15823K, committed 16192K, reserved 1048576K
GC Heap History (20 events):
Event: 11.451 GC heap before
{Heap before GC invocations=44 (full 0):
 garbage-first heap   total 211968K, used 130016K [0x0000000080000000, 0x0000000100000000)
  region size 1024K, 10 young (10240K), 7 survivors (7168K)
 Metaspace       used 104048K, committed 104832K, reserved 1179648K
  class space    used 14416K, committed 14784K, reserved 1048576K
}
Event: 11.455 GC heap after
{Heap after GC invocations=45 (full 0):
 garbage-first heap   total 211968K, used 122579K [0x0000000080000000, 0x0000000100000000)
  region size 1024K, 2 young (2048K), 2 survivors (2048K)
 Metaspace       used 104048K, committed 104832K, reserved 1179648K
  class space    used 14416K, committed 14784K, reserved 1048576K
}
Event: 11.925 GC heap before
{Heap before GC invocations=45 (full 0):
 garbage-first heap   total 211968K, used 175827K [0x0000000080000000, 0x0000000100000000)
  region size 1024K, 53 young (54272K), 2 survivors (2048K)
 Metaspace       used 105168K, committed 105920K, reserved 1179648K
  class space    used 14607K, committed 14976K, reserved 1048576K
}
Event: 11.942 GC heap after
{Heap after GC invocations=46 (full 0):
 garbage-first heap   total 211968K, used 141875K [0x0000000080000000, 0x0000000100000000)
  region size 1024K, 7 young (7168K), 7 survivors (7168K)
 Metaspace       used 105168K, committed 105920K, reserved 1179648K
  class space    used 14607K, committed 14976K, reserved 1048576K
}
Event: 12.153 GC heap before
{Heap before GC invocations=46 (full 0):
 garbage-first heap   total 211968K, used 172595K [0x0000000080000000, 0x0000000100000000)
  region size 1024K, 37 young (37888K), 7 survivors (7168K)
 Metaspace       used 107011K, committed 107776K, reserved 1179648K
  class space    used 15047K, committed 15424K, reserved 1048576K
}
Event: 12.166 GC heap after
{Heap after GC invocations=47 (full 0):
 garbage-first heap   total 254976K, used 152933K [0x0000000080000000, 0x0000000100000000)
  region size 1024K, 5 young (5120K), 5 survivors (5120K)
 Metaspace       used 107011K, committed 107776K, reserved 1179648K
  class space    used 15047K, committed 15424K, reserved 1048576K
}
Event: 12.361 GC heap before
{Heap before GC invocations=48 (full 0):
 garbage-first heap   total 309248K, used 197989K [0x0000000080000000, 0x0000000100000000)
  region size 1024K, 51 young (52224K), 5 survivors (5120K)
 Metaspace       used 107133K, committed 107904K, reserved 1179648K
  class space    used 15049K, committed 15424K, reserved 1048576K
}
Event: 12.379 GC heap after
{Heap after GC invocations=49 (full 0):
 garbage-first heap   total 309248K, used 176128K [0x0000000080000000, 0x0000000100000000)
  region size 1024K, 7 young (7168K), 7 survivors (7168K)
 Metaspace       used 107133K, committed 107904K, reserved 1179648K
  class space    used 15049K, committed 15424K, reserved 1048576K
}
Event: 12.407 GC heap before
{Heap before GC invocations=49 (full 0):
 garbage-first heap   total 309248K, used 184320K [0x0000000080000000, 0x0000000100000000)
  region size 1024K, 15 young (15360K), 7 survivors (7168K)
 Metaspace       used 107137K, committed 107904K, reserved 1179648K
  class space    used 15049K, committed 15424K, reserved 1048576K
}
Event: 12.418 GC heap after
{Heap after GC invocations=50 (full 0):
 garbage-first heap   total 309248K, used 179100K [0x0000000080000000, 0x0000000100000000)
  region size 1024K, 2 young (2048K), 2 survivors (2048K)
 Metaspace       used 107137K, committed 107904K, reserved 1179648K
  class space    used 15049K, committed 15424K, reserved 1048576K
}
Event: 12.850 GC heap before
{Heap before GC invocations=50 (full 0):
 garbage-first heap   total 309248K, used 231324K [0x0000000080000000, 0x0000000100000000)
  region size 1024K, 54 young (55296K), 2 survivors (2048K)
 Metaspace       used 110319K, committed 111104K, reserved 1179648K
  class space    used 15486K, committed 15872K, reserved 1048576K
}
Event: 12.862 GC heap after
{Heap after GC invocations=51 (full 0):
 garbage-first heap   total 309248K, used 191488K [0x0000000080000000, 0x0000000100000000)
  region size 1024K, 7 young (7168K), 7 survivors (7168K)
 Metaspace       used 110319K, committed 111104K, reserved 1179648K
  class space    used 15486K, committed 15872K, reserved 1048576K
}
Event: 13.395 GC heap before
{Heap before GC invocations=51 (full 0):
 garbage-first heap   total 309248K, used 238592K [0x0000000080000000, 0x0000000100000000)
  region size 1024K, 53 young (54272K), 7 survivors (7168K)
 Metaspace       used 111921K, committed 112640K, reserved 1179648K
  class space    used 15730K, committed 16064K, reserved 1048576K
}
Event: 13.405 GC heap after
{Heap after GC invocations=52 (full 0):
 garbage-first heap   total 309248K, used 196311K [0x0000000080000000, 0x0000000100000000)
  region size 1024K, 5 young (5120K), 5 survivors (5120K)
 Metaspace       used 111921K, committed 112640K, reserved 1179648K
  class space    used 15730K, committed 16064K, reserved 1048576K
}
Event: 13.831 GC heap before
{Heap before GC invocations=52 (full 0):
 garbage-first heap   total 309248K, used 237271K [0x0000000080000000, 0x0000000100000000)
  region size 1024K, 47 young (48128K), 5 survivors (5120K)
 Metaspace       used 112420K, committed 113152K, reserved 1179648K
  class space    used 15794K, committed 16128K, reserved 1048576K
}
Event: 13.837 GC heap after
{Heap after GC invocations=53 (full 0):
 garbage-first heap   total 309248K, used 200339K [0x0000000080000000, 0x0000000100000000)
  region size 1024K, 4 young (4096K), 4 survivors (4096K)
 Metaspace       used 112420K, committed 113152K, reserved 1179648K
  class space    used 15794K, committed 16128K, reserved 1048576K
}
Event: 14.582 GC heap before
{Heap before GC invocations=54 (full 0):
 garbage-first heap   total 343040K, used 245395K [0x0000000080000000, 0x0000000100000000)
  region size 1024K, 49 young (50176K), 4 survivors (4096K)
 Metaspace       used 112645K, committed 113408K, reserved 1179648K
  class space    used 15822K, committed 16192K, reserved 1048576K
}
Event: 14.592 GC heap after
{Heap after GC invocations=55 (full 0):
 garbage-first heap   total 343040K, used 201216K [0x0000000080000000, 0x0000000100000000)
  region size 1024K, 5 young (5120K), 5 survivors (5120K)
 Metaspace       used 112645K, committed 113408K, reserved 1179648K
  class space    used 15822K, committed 16192K, reserved 1048576K
}
Event: 14.791 GC heap before
{Heap before GC invocations=55 (full 0):
 garbage-first heap   total 343040K, used 211456K [0x0000000080000000, 0x0000000100000000)
  region size 1024K, 16 young (16384K), 5 survivors (5120K)
 Metaspace       used 112645K, committed 113408K, reserved 1179648K
  class space    used 15822K, committed 16192K, reserved 1048576K
}
Event: 14.799 GC heap after
{Heap after GC invocations=56 (full 0):
 garbage-first heap   total 343040K, used 196619K [0x0000000080000000, 0x0000000100000000)
  region size 1024K, 1 young (1024K), 1 survivors (1024K)
 Metaspace       used 112645K, committed 113408K, reserved 1179648K
  class space    used 15822K, committed 16192K, reserved 1048576K
}

