# JRE version: OpenJDK Runtime Environment (17.0.9) (build 17.0.9+0--11185874)
# Java VM: OpenJDK 64-Bit Server VM (17.0.9+0--11185874, mixed mode, tiered, compressed oops, compressed class ptrs, g1 gc, windows-amd64)
GC Precious Log:
 CPUs: 8 total, 8 available
 Memory: 16062M
 Large Page Support: Disabled
 NUMA Support: Disabled
 Compressed Oops: Enabled (32-bit)
 Heap Region Size: 1M
 Heap Min Capacity: 8M
 Heap Initial Capacity: 252M
 Heap Max Capacity: 2G
 Pre-touch: Disabled
 Parallel Workers: 8
 Concurrent Workers: 2
 Concurrent Refinement Workers: 8
 Periodic GC: Disabled
Heap:
 garbage-first heap   total 135168K, used 89687K [0x0000000080000000, 0x0000000100000000)
  region size 1024K, 35 young (35840K), 4 survivors (4096K)
 Metaspace       used 75227K, committed 75904K, reserved 1179648K
  class space    used 10236K, committed 10560K, reserved 1048576K
GC Heap History (20 events):
Event: 5.110 GC heap before
{Heap before GC invocations=17 (full 0):
 garbage-first heap   total 86016K, used 60349K [0x0000000080000000, 0x0000000100000000)
  region size 1024K, 16 young (16384K), 2 survivors (2048K)
 Metaspace       used 56908K, committed 57472K, reserved 1114112K
  class space    used 7811K, committed 8064K, reserved 1048576K
}
Event: 5.111 GC heap after
{Heap after GC invocations=18 (full 0):
 garbage-first heap   total 86016K, used 48350K [0x0000000080000000, 0x0000000100000000)
  region size 1024K, 2 young (2048K), 2 survivors (2048K)
 Metaspace       used 56908K, committed 57472K, reserved 1114112K
  class space    used 7811K, committed 8064K, reserved 1048576K
}
Event: 5.129 GC heap before
{Heap before GC invocations=18 (full 0):
 garbage-first heap   total 86016K, used 50398K [0x0000000080000000, 0x0000000100000000)
  region size 1024K, 5 young (5120K), 2 survivors (2048K)
 Metaspace       used 57048K, committed 57664K, reserved 1114112K
  class space    used 7822K, committed 8128K, reserved 1048576K
}
Event: 5.129 GC heap after
{Heap after GC invocations=19 (full 0):
 garbage-first heap   total 86016K, used 48362K [0x0000000080000000, 0x0000000100000000)
  region size 1024K, 2 young (2048K), 2 survivors (2048K)
 Metaspace       used 57048K, committed 57664K, reserved 1114112K
  class space    used 7822K, committed 8128K, reserved 1048576K
}
Event: 5.352 GC heap before
{Heap before GC invocations=20 (full 0):
 garbage-first heap   total 89088K, used 63722K [0x0000000080000000, 0x0000000100000000)
  region size 1024K, 17 young (17408K), 2 survivors (2048K)
 Metaspace       used 58223K, committed 58816K, reserved 1114112K
  class space    used 7980K, committed 8256K, reserved 1048576K
}
Event: 5.354 GC heap after
{Heap after GC invocations=21 (full 0):
 garbage-first heap   total 89088K, used 49774K [0x0000000080000000, 0x0000000100000000)
  region size 1024K, 2 young (2048K), 2 survivors (2048K)
 Metaspace       used 58223K, committed 58816K, reserved 1114112K
  class space    used 7980K, committed 8256K, reserved 1048576K
}
Event: 5.542 GC heap before
{Heap before GC invocations=21 (full 0):
 garbage-first heap   total 89088K, used 68206K [0x0000000080000000, 0x0000000100000000)
  region size 1024K, 20 young (20480K), 2 survivors (2048K)
 Metaspace       used 59819K, committed 60416K, reserved 1114112K
  class space    used 8206K, committed 8512K, reserved 1048576K
}
Event: 5.544 GC heap after
{Heap after GC invocations=22 (full 0):
 garbage-first heap   total 89088K, used 50396K [0x0000000080000000, 0x0000000100000000)
  region size 1024K, 2 young (2048K), 2 survivors (2048K)
 Metaspace       used 59819K, committed 60416K, reserved 1114112K
  class space    used 8206K, committed 8512K, reserved 1048576K
}
Event: 5.731 GC heap before
{Heap before GC invocations=23 (full 0):
 garbage-first heap   total 91136K, used 68828K [0x0000000080000000, 0x0000000100000000)
  region size 1024K, 20 young (20480K), 2 survivors (2048K)
 Metaspace       used 61746K, committed 62400K, reserved 1114112K
  class space    used 8404K, committed 8704K, reserved 1048576K
}
Event: 5.733 GC heap after
{Heap after GC invocations=24 (full 0):
 garbage-first heap   total 91136K, used 50625K [0x0000000080000000, 0x0000000100000000)
  region size 1024K, 2 young (2048K), 2 survivors (2048K)
 Metaspace       used 61746K, committed 62400K, reserved 1114112K
  class space    used 8404K, committed 8704K, reserved 1048576K
}
Event: 6.000 GC heap before
{Heap before GC invocations=24 (full 0):
 garbage-first heap   total 91136K, used 72129K [0x0000000080000000, 0x0000000100000000)
  region size 1024K, 23 young (23552K), 2 survivors (2048K)
 Metaspace       used 64007K, committed 64576K, reserved 1114112K
  class space    used 8747K, committed 9024K, reserved 1048576K
}
Event: 6.002 GC heap after
{Heap after GC invocations=25 (full 0):
 garbage-first heap   total 91136K, used 51470K [0x0000000080000000, 0x0000000100000000)
  region size 1024K, 3 young (3072K), 3 survivors (3072K)
 Metaspace       used 64007K, committed 64576K, reserved 1114112K
  class space    used 8747K, committed 9024K, reserved 1048576K
}
Event: 6.136 GC heap before
{Heap before GC invocations=26 (full 0):
 garbage-first heap   total 92160K, used 63758K [0x0000000080000000, 0x0000000100000000)
  region size 1024K, 16 young (16384K), 3 survivors (3072K)
 Metaspace       used 65974K, committed 66560K, reserved 1114112K
  class space    used 8990K, committed 9280K, reserved 1048576K
}
Event: 6.139 GC heap after
{Heap after GC invocations=27 (full 0):
 garbage-first heap   total 92160K, used 53075K [0x0000000080000000, 0x0000000100000000)
  region size 1024K, 3 young (3072K), 3 survivors (3072K)
 Metaspace       used 65974K, committed 66560K, reserved 1114112K
  class space    used 8990K, committed 9280K, reserved 1048576K
}
Event: 6.277 GC heap before
{Heap before GC invocations=28 (full 0):
 garbage-first heap   total 112640K, used 79699K [0x0000000080000000, 0x0000000100000000)
  region size 1024K, 24 young (24576K), 3 survivors (3072K)
 Metaspace       used 66586K, committed 67136K, reserved 1114112K
  class space    used 9096K, committed 9408K, reserved 1048576K
}
Event: 6.280 GC heap after
{Heap after GC invocations=29 (full 0):
 garbage-first heap   total 112640K, used 55306K [0x0000000080000000, 0x0000000100000000)
  region size 1024K, 3 young (3072K), 3 survivors (3072K)
 Metaspace       used 66586K, committed 67136K, reserved 1114112K
  class space    used 9096K, committed 9408K, reserved 1048576K
}
Event: 6.542 GC heap before
{Heap before GC invocations=29 (full 0):
 garbage-first heap   total 112640K, used 85002K [0x0000000080000000, 0x0000000100000000)
  region size 1024K, 32 young (32768K), 3 survivors (3072K)
 Metaspace       used 68807K, committed 69376K, reserved 1114112K
  class space    used 9371K, committed 9664K, reserved 1048576K
}
Event: 6.544 GC heap after
{Heap after GC invocations=30 (full 0):
 garbage-first heap   total 135168K, used 57601K [0x0000000080000000, 0x0000000100000000)
  region size 1024K, 2 young (2048K), 2 survivors (2048K)
 Metaspace       used 68807K, committed 69376K, reserved 1114112K
  class space    used 9371K, committed 9664K, reserved 1048576K
}
Event: 6.913 GC heap before
{Heap before GC invocations=31 (full 0):
 garbage-first heap   total 135168K, used 99585K [0x0000000080000000, 0x0000000100000000)
  region size 1024K, 43 young (44032K), 2 survivors (2048K)
 Metaspace       used 73087K, committed 73728K, reserved 1114112K
  class space    used 9977K, committed 10304K, reserved 1048576K
}
Event: 6.916 GC heap after
{Heap after GC invocations=32 (full 0):
 garbage-first heap   total 135168K, used 58967K [0x0000000080000000, 0x0000000100000000)
  region size 1024K, 4 young (4096K), 4 survivors (4096K)
 Metaspace       used 73087K, committed 73728K, reserved 1114112K
  class space    used 9977K, committed 10304K, reserved 1048576K
}

