# JRE version: OpenJDK Runtime Environment (17.0.9) (build 17.0.9+0--11185874)
# Java VM: OpenJDK 64-Bit Server VM (17.0.9+0--11185874, mixed mode, tiered, compressed oops, compressed class ptrs, g1 gc, windows-amd64)
GC Precious Log:
 CPUs: 8 total, 8 available
 Memory: 16062M
 Large Page Support: Disabled
 NUMA Support: Disabled
 Compressed Oops: Enabled (32-bit)
 Heap Region Size: 1M
 Heap Min Capacity: 8M
 Heap Initial Capacity: 252M
 Heap Max Capacity: 2G
 Pre-touch: Disabled
 Parallel Workers: 8
 Concurrent Workers: 2
 Concurrent Refinement Workers: 8
 Periodic GC: Disabled
Heap:
 garbage-first heap   total 407552K, used 285546K [0x0000000080000000, 0x0000000100000000)
  region size 1024K, 136 young (139264K), 13 survivors (13312K)
 Metaspace       used 116762K, committed 117760K, reserved 1179648K
  class space    used 15809K, committed 16256K, reserved 1048576K
GC Heap History (20 events):
Event: 7.352 GC heap before
{Heap before GC invocations=48 (full 0):
 garbage-first heap   total 188416K, used 142767K [0x0000000080000000, 0x0000000100000000)
  region size 1024K, 57 young (58368K), 1 survivors (1024K)
 Metaspace       used 87845K, committed 88576K, reserved 1179648K
  class space    used 12132K, committed 12480K, reserved 1048576K
}
Event: 7.354 GC heap after
{Heap after GC invocations=49 (full 0):
 garbage-first heap   total 188416K, used 88767K [0x0000000080000000, 0x0000000100000000)
  region size 1024K, 3 young (3072K), 3 survivors (3072K)
 Metaspace       used 87845K, committed 88576K, reserved 1179648K
  class space    used 12132K, committed 12480K, reserved 1048576K
}
Event: 7.831 GC heap before
{Heap before GC invocations=50 (full 0):
 garbage-first heap   total 188416K, used 163519K [0x0000000080000000, 0x0000000100000000)
  region size 1024K, 66 young (67584K), 3 survivors (3072K)
 Metaspace       used 92200K, committed 93056K, reserved 1179648K
  class space    used 12768K, committed 13184K, reserved 1048576K
}
Event: 7.836 GC heap after
{Heap after GC invocations=51 (full 0):
 garbage-first heap   total 188416K, used 107774K [0x0000000080000000, 0x0000000100000000)
  region size 1024K, 9 young (9216K), 9 survivors (9216K)
 Metaspace       used 92200K, committed 93056K, reserved 1179648K
  class space    used 12768K, committed 13184K, reserved 1048576K
}
Event: 7.852 GC heap before
{Heap before GC invocations=51 (full 0):
 garbage-first heap   total 188416K, used 112894K [0x0000000080000000, 0x0000000100000000)
  region size 1024K, 10 young (10240K), 9 survivors (9216K)
 Metaspace       used 92295K, committed 93184K, reserved 1179648K
  class space    used 12787K, committed 13248K, reserved 1048576K
}
Event: 7.855 GC heap after
{Heap after GC invocations=52 (full 0):
 garbage-first heap   total 188416K, used 112445K [0x0000000080000000, 0x0000000100000000)
  region size 1024K, 1 young (1024K), 1 survivors (1024K)
 Metaspace       used 92295K, committed 93184K, reserved 1179648K
  class space    used 12787K, committed 13248K, reserved 1048576K
}
Event: 7.964 GC heap before
{Heap before GC invocations=52 (full 0):
 garbage-first heap   total 188416K, used 156477K [0x0000000080000000, 0x0000000100000000)
  region size 1024K, 44 young (45056K), 1 survivors (1024K)
 Metaspace       used 92305K, committed 93184K, reserved 1179648K
  class space    used 12787K, committed 13248K, reserved 1048576K
}
Event: 7.971 GC heap after
{Heap after GC invocations=53 (full 0):
 garbage-first heap   total 188416K, used 126813K [0x0000000080000000, 0x0000000100000000)
  region size 1024K, 6 young (6144K), 6 survivors (6144K)
 Metaspace       used 92305K, committed 93184K, reserved 1179648K
  class space    used 12787K, committed 13248K, reserved 1048576K
}
Event: 8.277 GC heap before
{Heap before GC invocations=54 (full 0):
 garbage-first heap   total 219136K, used 152413K [0x0000000080000000, 0x0000000100000000)
  region size 1024K, 32 young (32768K), 6 survivors (6144K)
 Metaspace       used 92331K, committed 93184K, reserved 1179648K
  class space    used 12788K, committed 13248K, reserved 1048576K
}
Event: 8.281 GC heap after
{Heap after GC invocations=55 (full 0):
 garbage-first heap   total 219136K, used 127646K [0x0000000080000000, 0x0000000100000000)
  region size 1024K, 2 young (2048K), 2 survivors (2048K)
 Metaspace       used 92331K, committed 93184K, reserved 1179648K
  class space    used 12788K, committed 13248K, reserved 1048576K
}
Event: 8.364 GC heap before
{Heap before GC invocations=55 (full 0):
 garbage-first heap   total 219136K, used 135838K [0x0000000080000000, 0x0000000100000000)
  region size 1024K, 10 young (10240K), 2 survivors (2048K)
 Metaspace       used 92331K, committed 93184K, reserved 1179648K
  class space    used 12788K, committed 13248K, reserved 1048576K
}
Event: 8.366 GC heap after
{Heap after GC invocations=56 (full 0):
 garbage-first heap   total 219136K, used 128188K [0x0000000080000000, 0x0000000100000000)
  region size 1024K, 1 young (1024K), 1 survivors (1024K)
 Metaspace       used 92331K, committed 93184K, reserved 1179648K
  class space    used 12788K, committed 13248K, reserved 1048576K
}
Event: 8.747 GC heap before
{Heap before GC invocations=56 (full 0):
 garbage-first heap   total 219136K, used 171196K [0x0000000080000000, 0x0000000100000000)
  region size 1024K, 43 young (44032K), 1 survivors (1024K)
 Metaspace       used 92333K, committed 93184K, reserved 1179648K
  class space    used 12788K, committed 13248K, reserved 1048576K
}
Event: 8.750 GC heap after
{Heap after GC invocations=57 (full 0):
 garbage-first heap   total 407552K, used 129923K [0x0000000080000000, 0x0000000100000000)
  region size 1024K, 3 young (3072K), 3 survivors (3072K)
 Metaspace       used 92333K, committed 93184K, reserved 1179648K
  class space    used 12788K, committed 13248K, reserved 1048576K
}
Event: 10.059 GC heap before
{Heap before GC invocations=57 (full 0):
 garbage-first heap   total 407552K, used 248707K [0x0000000080000000, 0x0000000100000000)
  region size 1024K, 119 young (121856K), 3 survivors (3072K)
 Metaspace       used 92333K, committed 93184K, reserved 1179648K
  class space    used 12788K, committed 13248K, reserved 1048576K
}
Event: 10.066 GC heap after
{Heap after GC invocations=58 (full 0):
 garbage-first heap   total 407552K, used 135481K [0x0000000080000000, 0x0000000100000000)
  region size 1024K, 8 young (8192K), 8 survivors (8192K)
 Metaspace       used 92333K, committed 93184K, reserved 1179648K
  class space    used 12788K, committed 13248K, reserved 1048576K
}
Event: 11.412 GC heap before
{Heap before GC invocations=58 (full 0):
 garbage-first heap   total 407552K, used 322873K [0x0000000080000000, 0x0000000100000000)
  region size 1024K, 172 young (176128K), 8 survivors (8192K)
 Metaspace       used 98399K, committed 99264K, reserved 1179648K
  class space    used 13588K, committed 14016K, reserved 1048576K
}
Event: 11.427 GC heap after
{Heap after GC invocations=59 (full 0):
 garbage-first heap   total 407552K, used 148901K [0x0000000080000000, 0x0000000100000000)
  region size 1024K, 21 young (21504K), 21 survivors (21504K)
 Metaspace       used 98399K, committed 99264K, reserved 1179648K
  class space    used 13588K, committed 14016K, reserved 1048576K
}
Event: 13.893 GC heap before
{Heap before GC invocations=59 (full 0):
 garbage-first heap   total 407552K, used 319909K [0x0000000080000000, 0x0000000100000000)
  region size 1024K, 184 young (188416K), 21 survivors (21504K)
 Metaspace       used 112547K, committed 113472K, reserved 1179648K
  class space    used 15248K, committed 15680K, reserved 1048576K
}
Event: 13.907 GC heap after
{Heap after GC invocations=60 (full 0):
 garbage-first heap   total 407552K, used 161642K [0x0000000080000000, 0x0000000100000000)
  region size 1024K, 13 young (13312K), 13 survivors (13312K)
 Metaspace       used 112547K, committed 113472K, reserved 1179648K
  class space    used 15248K, committed 15680K, reserved 1048576K
}

