# JRE version: OpenJDK Runtime Environment (17.0.9) (build 17.0.9+0--11185874)
# Java VM: OpenJDK 64-Bit Server VM (17.0.9+0--11185874, mixed mode, tiered, compressed oops, compressed class ptrs, g1 gc, windows-amd64)
GC Precious Log:
 CPUs: 8 total, 8 available
 Memory: 16062M
 Large Page Support: Disabled
 NUMA Support: Disabled
 Compressed Oops: Enabled (32-bit)
 Heap Region Size: 1M
 Heap Min Capacity: 8M
 Heap Initial Capacity: 252M
 Heap Max Capacity: 2G
 Pre-touch: Disabled
 Parallel Workers: 8
 Concurrent Workers: 2
 Concurrent Refinement Workers: 8
 Periodic GC: Disabled
Heap:
 garbage-first heap   total 268288K, used 80138K [0x0000000080000000, 0x0000000100000000)
  region size 1024K, 32 young (32768K), 15 survivors (15360K)
 Metaspace       used 84646K, committed 85312K, reserved 1179648K
  class space    used 11769K, committed 12096K, reserved 1048576K
GC Heap History (20 events):
Event: 5.132 GC heap before
{Heap before GC invocations=12 (full 0):
 garbage-first heap   total 86016K, used 67130K [0x0000000080000000, 0x0000000100000000)
  region size 1024K, 39 young (39936K), 4 survivors (4096K)
 Metaspace       used 54348K, committed 54848K, reserved 1114112K
  class space    used 7474K, committed 7680K, reserved 1048576K
}
Event: 5.139 GC heap after
{Heap after GC invocations=13 (full 0):
 garbage-first heap   total 86016K, used 33330K [0x0000000080000000, 0x0000000100000000)
  region size 1024K, 4 young (4096K), 4 survivors (4096K)
 Metaspace       used 54348K, committed 54848K, reserved 1114112K
  class space    used 7474K, committed 7680K, reserved 1048576K
}
Event: 5.610 GC heap before
{Heap before GC invocations=13 (full 0):
 garbage-first heap   total 86016K, used 70194K [0x0000000080000000, 0x0000000100000000)
  region size 1024K, 38 young (38912K), 4 survivors (4096K)
 Metaspace       used 55858K, committed 56384K, reserved 1114112K
  class space    used 7659K, committed 7936K, reserved 1048576K
}
Event: 5.616 GC heap after
{Heap after GC invocations=14 (full 0):
 garbage-first heap   total 86016K, used 43915K [0x0000000080000000, 0x0000000100000000)
  region size 1024K, 5 young (5120K), 5 survivors (5120K)
 Metaspace       used 55858K, committed 56384K, reserved 1114112K
  class space    used 7659K, committed 7936K, reserved 1048576K
}
Event: 5.617 GC heap before
{Heap before GC invocations=14 (full 0):
 garbage-first heap   total 86016K, used 43915K [0x0000000080000000, 0x0000000100000000)
  region size 1024K, 6 young (6144K), 5 survivors (5120K)
 Metaspace       used 55858K, committed 56384K, reserved 1114112K
  class space    used 7659K, committed 7936K, reserved 1048576K
}
Event: 5.620 GC heap after
{Heap after GC invocations=15 (full 0):
 garbage-first heap   total 103424K, used 44148K [0x0000000080000000, 0x0000000100000000)
  region size 1024K, 1 young (1024K), 1 survivors (1024K)
 Metaspace       used 55858K, committed 56384K, reserved 1114112K
  class space    used 7659K, committed 7936K, reserved 1048576K
}
Event: 5.641 GC heap before
{Heap before GC invocations=15 (full 0):
 garbage-first heap   total 103424K, used 47220K [0x0000000080000000, 0x0000000100000000)
  region size 1024K, 4 young (4096K), 1 survivors (1024K)
 Metaspace       used 55908K, committed 56448K, reserved 1114112K
  class space    used 7663K, committed 7936K, reserved 1048576K
}
Event: 5.642 GC heap after
{Heap after GC invocations=16 (full 0):
 garbage-first heap   total 103424K, used 45238K [0x0000000080000000, 0x0000000100000000)
  region size 1024K, 2 young (2048K), 2 survivors (2048K)
 Metaspace       used 55908K, committed 56448K, reserved 1114112K
  class space    used 7663K, committed 7936K, reserved 1048576K
}
Event: 5.770 GC heap before
{Heap before GC invocations=16 (full 0):
 garbage-first heap   total 103424K, used 60598K [0x0000000080000000, 0x0000000100000000)
  region size 1024K, 18 young (18432K), 2 survivors (2048K)
 Metaspace       used 57064K, committed 57664K, reserved 1114112K
  class space    used 7817K, committed 8128K, reserved 1048576K
}
Event: 5.772 GC heap after
{Heap after GC invocations=17 (full 0):
 garbage-first heap   total 103424K, used 47483K [0x0000000080000000, 0x0000000100000000)
  region size 1024K, 3 young (3072K), 3 survivors (3072K)
 Metaspace       used 57064K, committed 57664K, reserved 1114112K
  class space    used 7817K, committed 8128K, reserved 1048576K
}
Event: 6.000 GC heap before
{Heap before GC invocations=17 (full 0):
 garbage-first heap   total 103424K, used 71035K [0x0000000080000000, 0x0000000100000000)
  region size 1024K, 26 young (26624K), 3 survivors (3072K)
 Metaspace       used 58936K, committed 59584K, reserved 1114112K
  class space    used 8078K, committed 8384K, reserved 1048576K
}
Event: 6.002 GC heap after
{Heap after GC invocations=18 (full 0):
 garbage-first heap   total 103424K, used 49087K [0x0000000080000000, 0x0000000100000000)
  region size 1024K, 2 young (2048K), 2 survivors (2048K)
 Metaspace       used 58936K, committed 59584K, reserved 1114112K
  class space    used 8078K, committed 8384K, reserved 1048576K
}
Event: 6.120 GC heap before
{Heap before GC invocations=18 (full 0):
 garbage-first heap   total 103424K, used 56255K [0x0000000080000000, 0x0000000100000000)
  region size 1024K, 11 young (11264K), 2 survivors (2048K)
 Metaspace       used 59749K, committed 60288K, reserved 1114112K
  class space    used 8187K, committed 8448K, reserved 1048576K
}
Event: 6.123 GC heap after
{Heap after GC invocations=19 (full 0):
 garbage-first heap   total 103424K, used 49563K [0x0000000080000000, 0x0000000100000000)
  region size 1024K, 3 young (3072K), 3 survivors (3072K)
 Metaspace       used 59749K, committed 60288K, reserved 1114112K
  class space    used 8187K, committed 8448K, reserved 1048576K
}
Event: 6.391 GC heap before
{Heap before GC invocations=20 (full 0):
 garbage-first heap   total 103424K, used 74139K [0x0000000080000000, 0x0000000100000000)
  region size 1024K, 28 young (28672K), 3 survivors (3072K)
 Metaspace       used 62416K, committed 63040K, reserved 1114112K
  class space    used 8485K, committed 8768K, reserved 1048576K
}
Event: 6.395 GC heap after
{Heap after GC invocations=21 (full 0):
 garbage-first heap   total 268288K, used 49947K [0x0000000080000000, 0x0000000100000000)
  region size 1024K, 2 young (2048K), 2 survivors (2048K)
 Metaspace       used 62416K, committed 63040K, reserved 1114112K
  class space    used 8485K, committed 8768K, reserved 1048576K
}
Event: 7.701 GC heap before
{Heap before GC invocations=21 (full 0):
 garbage-first heap   total 268288K, used 183067K [0x0000000080000000, 0x0000000100000000)
  region size 1024K, 126 young (129024K), 2 survivors (2048K)
 Metaspace       used 73739K, committed 74432K, reserved 1114112K
  class space    used 10043K, committed 10368K, reserved 1048576K
}
Event: 7.711 GC heap after
{Heap after GC invocations=22 (full 0):
 garbage-first heap   total 268288K, used 57765K [0x0000000080000000, 0x0000000100000000)
  region size 1024K, 10 young (10240K), 10 survivors (10240K)
 Metaspace       used 73739K, committed 74432K, reserved 1114112K
  class space    used 10043K, committed 10368K, reserved 1048576K
}
Event: 9.096 GC heap before
{Heap before GC invocations=22 (full 0):
 garbage-first heap   total 268288K, used 196005K [0x0000000080000000, 0x0000000100000000)
  region size 1024K, 144 young (147456K), 10 survivors (10240K)
 Metaspace       used 83560K, committed 84224K, reserved 1179648K
  class space    used 11605K, committed 11968K, reserved 1048576K
}
Event: 9.109 GC heap after
{Heap after GC invocations=23 (full 0):
 garbage-first heap   total 268288K, used 63754K [0x0000000080000000, 0x0000000100000000)
  region size 1024K, 15 young (15360K), 15 survivors (15360K)
 Metaspace       used 83560K, committed 84224K, reserved 1179648K
  class space    used 11605K, committed 11968K, reserved 1048576K
}

