# JRE version: OpenJDK Runtime Environment (17.0.9) (build 17.0.9+0--11185874)
# Java VM: OpenJDK 64-Bit Server VM (17.0.9+0--11185874, mixed mode, tiered, compressed oops, compressed class ptrs, g1 gc, windows-amd64)
GC Precious Log:
 CPUs: 8 total, 8 available
 Memory: 16062M
 Large Page Support: Disabled
 NUMA Support: Disabled
 Compressed Oops: Enabled (32-bit)
 Heap Region Size: 1M
 Heap Min Capacity: 8M
 Heap Initial Capacity: 252M
 Heap Max Capacity: 2G
 Pre-touch: Disabled
 Parallel Workers: 8
 Concurrent Workers: 2
 Concurrent Refinement Workers: 8
 Periodic GC: Disabled
Heap:
 garbage-first heap   total 384000K, used 230674K [0x0000000080000000, 0x0000000100000000)
  region size 1024K, 21 young (21504K), 11 survivors (11264K)
 Metaspace       used 121627K, committed 122624K, reserved 1179648K
  class space    used 16188K, committed 16640K, reserved 1048576K
GC Heap History (20 events):
Event: 4693.574 GC heap before
{Heap before GC invocations=64 (full 0):
 garbage-first heap   total 270336K, used 228409K [0x0000000080000000, 0x0000000100000000)
  region size 1024K, 68 young (69632K), 1 survivors (1024K)
 Metaspace       used 109545K, committed 110656K, reserved 1179648K
  class space    used 14814K, committed 15360K, reserved 1048576K
}
Event: 4693.580 GC heap after
{Heap after GC invocations=65 (full 0):
 garbage-first heap   total 270336K, used 162079K [0x0000000080000000, 0x0000000100000000)
  region size 1024K, 3 young (3072K), 3 survivors (3072K)
 Metaspace       used 109545K, committed 110656K, reserved 1179648K
  class space    used 14814K, committed 15360K, reserved 1048576K
}
Event: 4694.790 GC heap before
{Heap before GC invocations=66 (full 0):
 garbage-first heap   total 276480K, used 227615K [0x0000000080000000, 0x0000000100000000)
  region size 1024K, 69 young (70656K), 3 survivors (3072K)
 Metaspace       used 111210K, committed 111936K, reserved 1179648K
  class space    used 14990K, committed 15360K, reserved 1048576K
}
Event: 4694.800 GC heap after
{Heap after GC invocations=67 (full 0):
 garbage-first heap   total 276480K, used 167936K [0x0000000080000000, 0x0000000100000000)
  region size 1024K, 9 young (9216K), 9 survivors (9216K)
 Metaspace       used 111210K, committed 111936K, reserved 1179648K
  class space    used 14990K, committed 15360K, reserved 1048576K
}
Event: 4694.880 GC heap before
{Heap before GC invocations=67 (full 0):
 garbage-first heap   total 276480K, used 171008K [0x0000000080000000, 0x0000000100000000)
  region size 1024K, 13 young (13312K), 9 survivors (9216K)
 Metaspace       used 111256K, committed 112000K, reserved 1179648K
  class space    used 14994K, committed 15360K, reserved 1048576K
}
Event: 4694.905 GC heap after
{Heap after GC invocations=68 (full 0):
 garbage-first heap   total 276480K, used 166743K [0x0000000080000000, 0x0000000100000000)
  region size 1024K, 2 young (2048K), 2 survivors (2048K)
 Metaspace       used 111256K, committed 112000K, reserved 1179648K
  class space    used 14994K, committed 15360K, reserved 1048576K
}
Event: 4695.888 GC heap before
{Heap before GC invocations=68 (full 0):
 garbage-first heap   total 276480K, used 233303K [0x0000000080000000, 0x0000000100000000)
  region size 1024K, 66 young (67584K), 2 survivors (2048K)
 Metaspace       used 113837K, committed 114560K, reserved 1179648K
  class space    used 15308K, committed 15680K, reserved 1048576K
}
Event: 4695.902 GC heap after
{Heap after GC invocations=69 (full 0):
 garbage-first heap   total 276480K, used 184320K [0x0000000080000000, 0x0000000100000000)
  region size 1024K, 9 young (9216K), 9 survivors (9216K)
 Metaspace       used 113837K, committed 114560K, reserved 1179648K
  class space    used 15308K, committed 15680K, reserved 1048576K
}
Event: 4696.262 GC heap before
{Heap before GC invocations=69 (full 0):
 garbage-first heap   total 276480K, used 216064K [0x0000000080000000, 0x0000000100000000)
  region size 1024K, 33 young (33792K), 9 survivors (9216K)
 Metaspace       used 113973K, committed 114752K, reserved 1179648K
  class space    used 15316K, committed 15680K, reserved 1048576K
}
Event: 4696.274 GC heap after
{Heap after GC invocations=70 (full 0):
 garbage-first heap   total 276480K, used 197632K [0x0000000080000000, 0x0000000100000000)
  region size 1024K, 7 young (7168K), 7 survivors (7168K)
 Metaspace       used 113973K, committed 114752K, reserved 1179648K
  class space    used 15316K, committed 15680K, reserved 1048576K
}
Event: 4696.906 GC heap before
{Heap before GC invocations=71 (full 0):
 garbage-first heap   total 345088K, used 234496K [0x0000000080000000, 0x0000000100000000)
  region size 1024K, 36 young (36864K), 7 survivors (7168K)
 Metaspace       used 116242K, committed 116992K, reserved 1179648K
  class space    used 15557K, committed 15936K, reserved 1048576K
}
Event: 4696.912 GC heap after
{Heap after GC invocations=72 (full 0):
 garbage-first heap   total 345088K, used 195788K [0x0000000080000000, 0x0000000100000000)
  region size 1024K, 2 young (2048K), 2 survivors (2048K)
 Metaspace       used 116242K, committed 116992K, reserved 1179648K
  class space    used 15557K, committed 15936K, reserved 1048576K
}
Event: 4697.117 GC heap before
{Heap before GC invocations=72 (full 0):
 garbage-first heap   total 345088K, used 209100K [0x0000000080000000, 0x0000000100000000)
  region size 1024K, 16 young (16384K), 2 survivors (2048K)
 Metaspace       used 116761K, committed 117568K, reserved 1179648K
  class space    used 15614K, committed 16000K, reserved 1048576K
}
Event: 4697.124 GC heap after
{Heap after GC invocations=73 (full 0):
 garbage-first heap   total 345088K, used 189592K [0x0000000080000000, 0x0000000100000000)
  region size 1024K, 2 young (2048K), 2 survivors (2048K)
 Metaspace       used 116761K, committed 117568K, reserved 1179648K
  class space    used 15614K, committed 16000K, reserved 1048576K
}
Event: 4698.172 GC heap before
{Heap before GC invocations=73 (full 0):
 garbage-first heap   total 345088K, used 276632K [0x0000000080000000, 0x0000000100000000)
  region size 1024K, 88 young (90112K), 2 survivors (2048K)
 Metaspace       used 118827K, committed 119616K, reserved 1179648K
  class space    used 15843K, committed 16256K, reserved 1048576K
}
Event: 4698.181 GC heap after
{Heap after GC invocations=74 (full 0):
 garbage-first heap   total 345088K, used 195402K [0x0000000080000000, 0x0000000100000000)
  region size 1024K, 7 young (7168K), 7 survivors (7168K)
 Metaspace       used 118827K, committed 119616K, reserved 1179648K
  class space    used 15843K, committed 16256K, reserved 1048576K
}
Event: 4732.256 GC heap before
{Heap before GC invocations=74 (full 0):
 garbage-first heap   total 345088K, used 281418K [0x0000000080000000, 0x0000000100000000)
  region size 1024K, 92 young (94208K), 7 survivors (7168K)
 Metaspace       used 121405K, committed 122304K, reserved 1179648K
  class space    used 16199K, committed 16640K, reserved 1048576K
}
Event: 4732.265 GC heap after
{Heap after GC invocations=75 (full 0):
 garbage-first heap   total 345088K, used 200640K [0x0000000080000000, 0x0000000100000000)
  region size 1024K, 6 young (6144K), 6 survivors (6144K)
 Metaspace       used 121405K, committed 122304K, reserved 1179648K
  class space    used 16199K, committed 16640K, reserved 1048576K
}
Event: 4732.855 GC heap before
{Heap before GC invocations=75 (full 0):
 garbage-first heap   total 345088K, used 281536K [0x0000000080000000, 0x0000000100000000)
  region size 1024K, 72 young (73728K), 6 survivors (6144K)
 Metaspace       used 121640K, committed 122496K, reserved 1179648K
  class space    used 16205K, committed 16640K, reserved 1048576K
}
Event: 4732.870 GC heap after
{Heap after GC invocations=76 (full 0):
 garbage-first heap   total 345088K, used 230674K [0x0000000080000000, 0x0000000100000000)
  region size 1024K, 11 young (11264K), 11 survivors (11264K)
 Metaspace       used 121640K, committed 122496K, reserved 1179648K
  class space    used 16205K, committed 16640K, reserved 1048576K
}

