# JRE version: OpenJDK Runtime Environment (17.0.9) (build 17.0.9+0--11185874)
# Java VM: OpenJDK 64-Bit Server VM (17.0.9+0--11185874, mixed mode, tiered, compressed oops, compressed class ptrs, g1 gc, windows-amd64)
GC Precious Log:
 CPUs: 8 total, 8 available
 Memory: 16062M
 Large Page Support: Disabled
 NUMA Support: Disabled
 Compressed Oops: Enabled (32-bit)
 Heap Region Size: 1M
 Heap Min Capacity: 8M
 Heap Initial Capacity: 252M
 Heap Max Capacity: 2G
 Pre-touch: Disabled
 Parallel Workers: 8
 Concurrent Workers: 2
 Concurrent Refinement Workers: 8
 Periodic GC: Disabled
Heap:
 garbage-first heap   total 315392K, used 249123K [0x0000000080000000, 0x0000000100000000)
  region size 1024K, 2 young (2048K), 2 survivors (2048K)
 Metaspace       used 109002K, committed 109760K, reserved 1179648K
  class space    used 15365K, committed 15744K, reserved 1048576K
GC Heap History (20 events):
Event: 10.292 GC heap after
{Heap after GC invocations=32 (full 0):
 garbage-first heap   total 221184K, used 111489K [0x0000000080000000, 0x0000000100000000)
  region size 1024K, 9 young (9216K), 9 survivors (9216K)
 Metaspace       used 99518K, committed 100288K, reserved 1179648K
  class space    used 13862K, committed 14208K, reserved 1048576K
}
Event: 10.847 GC heap before
{Heap before GC invocations=32 (full 0):
 garbage-first heap   total 221184K, used 194433K [0x0000000080000000, 0x0000000100000000)
  region size 1024K, 76 young (77824K), 9 survivors (9216K)
 Metaspace       used 102292K, committed 103040K, reserved 1179648K
  class space    used 14485K, committed 14848K, reserved 1048576K
}
Event: 10.866 GC heap after
{Heap after GC invocations=33 (full 0):
 garbage-first heap   total 223232K, used 135573K [0x0000000080000000, 0x0000000100000000)
  region size 1024K, 10 young (10240K), 10 survivors (10240K)
 Metaspace       used 102292K, committed 103040K, reserved 1179648K
  class space    used 14485K, committed 14848K, reserved 1048576K
}
Event: 11.053 GC heap before
{Heap before GC invocations=33 (full 0):
 garbage-first heap   total 223232K, used 179605K [0x0000000080000000, 0x0000000100000000)
  region size 1024K, 53 young (54272K), 10 survivors (10240K)
 Metaspace       used 102924K, committed 103680K, reserved 1179648K
  class space    used 14544K, committed 14912K, reserved 1048576K
}
Event: 11.076 GC heap after
{Heap after GC invocations=34 (full 0):
 garbage-first heap   total 223232K, used 155590K [0x0000000080000000, 0x0000000100000000)
  region size 1024K, 7 young (7168K), 7 survivors (7168K)
 Metaspace       used 102924K, committed 103680K, reserved 1179648K
  class space    used 14544K, committed 14912K, reserved 1048576K
}
Event: 11.164 GC heap before
{Heap before GC invocations=34 (full 0):
 garbage-first heap   total 223232K, used 180166K [0x0000000080000000, 0x0000000100000000)
  region size 1024K, 32 young (32768K), 7 survivors (7168K)
 Metaspace       used 103141K, committed 103936K, reserved 1179648K
  class space    used 14584K, committed 14976K, reserved 1048576K
}
Event: 11.180 GC heap after
{Heap after GC invocations=35 (full 0):
 garbage-first heap   total 315392K, used 168405K [0x0000000080000000, 0x0000000100000000)
  region size 1024K, 4 young (4096K), 4 survivors (4096K)
 Metaspace       used 103141K, committed 103936K, reserved 1179648K
  class space    used 14584K, committed 14976K, reserved 1048576K
}
Event: 11.803 GC heap before
{Heap before GC invocations=35 (full 0):
 garbage-first heap   total 315392K, used 227797K [0x0000000080000000, 0x0000000100000000)
  region size 1024K, 63 young (64512K), 4 survivors (4096K)
 Metaspace       used 106241K, committed 107072K, reserved 1179648K
  class space    used 15005K, committed 15424K, reserved 1048576K
}
Event: 11.821 GC heap after
{Heap after GC invocations=36 (full 0):
 garbage-first heap   total 315392K, used 187138K [0x0000000080000000, 0x0000000100000000)
  region size 1024K, 8 young (8192K), 8 survivors (8192K)
 Metaspace       used 106241K, committed 107072K, reserved 1179648K
  class space    used 15005K, committed 15424K, reserved 1048576K
}
Event: 12.494 GC heap before
{Heap before GC invocations=36 (full 0):
 garbage-first heap   total 315392K, used 238338K [0x0000000080000000, 0x0000000100000000)
  region size 1024K, 58 young (59392K), 8 survivors (8192K)
 Metaspace       used 107794K, committed 108608K, reserved 1179648K
  class space    used 15234K, committed 15616K, reserved 1048576K
}
Event: 12.504 GC heap after
{Heap after GC invocations=37 (full 0):
 garbage-first heap   total 315392K, used 193892K [0x0000000080000000, 0x0000000100000000)
  region size 1024K, 6 young (6144K), 6 survivors (6144K)
 Metaspace       used 107794K, committed 108608K, reserved 1179648K
  class space    used 15234K, committed 15616K, reserved 1048576K
}
Event: 12.922 GC heap before
{Heap before GC invocations=37 (full 0):
 garbage-first heap   total 315392K, used 247140K [0x0000000080000000, 0x0000000100000000)
  region size 1024K, 56 young (57344K), 6 survivors (6144K)
 Metaspace       used 108250K, committed 109056K, reserved 1179648K
  class space    used 15292K, committed 15680K, reserved 1048576K
}
Event: 12.930 GC heap after
{Heap after GC invocations=38 (full 0):
 garbage-first heap   total 315392K, used 200194K [0x0000000080000000, 0x0000000100000000)
  region size 1024K, 4 young (4096K), 4 survivors (4096K)
 Metaspace       used 108250K, committed 109056K, reserved 1179648K
  class space    used 15292K, committed 15680K, reserved 1048576K
}
Event: 13.881 GC heap before
{Heap before GC invocations=38 (full 0):
 garbage-first heap   total 315392K, used 263682K [0x0000000080000000, 0x0000000100000000)
  region size 1024K, 54 young (55296K), 4 survivors (4096K)
 Metaspace       used 108626K, committed 109440K, reserved 1179648K
  class space    used 15336K, committed 15744K, reserved 1048576K
}
Event: 13.890 GC heap after
{Heap after GC invocations=39 (full 0):
 garbage-first heap   total 315392K, used 214899K [0x0000000080000000, 0x0000000100000000)
  region size 1024K, 5 young (5120K), 5 survivors (5120K)
 Metaspace       used 108626K, committed 109440K, reserved 1179648K
  class space    used 15336K, committed 15744K, reserved 1048576K
}
Event: 14.263 GC heap before
{Heap before GC invocations=39 (full 0):
 garbage-first heap   total 315392K, used 266099K [0x0000000080000000, 0x0000000100000000)
  region size 1024K, 49 young (50176K), 5 survivors (5120K)
 Metaspace       used 108927K, committed 109696K, reserved 1179648K
  class space    used 15363K, committed 15744K, reserved 1048576K
}
Event: 14.272 GC heap after
{Heap after GC invocations=40 (full 0):
 garbage-first heap   total 315392K, used 226027K [0x0000000080000000, 0x0000000100000000)
  region size 1024K, 7 young (7168K), 7 survivors (7168K)
 Metaspace       used 108927K, committed 109696K, reserved 1179648K
  class space    used 15363K, committed 15744K, reserved 1048576K
}
Event: 14.376 GC heap before
{Heap before GC invocations=40 (full 0):
 garbage-first heap   total 315392K, used 263915K [0x0000000080000000, 0x0000000100000000)
  region size 1024K, 44 young (45056K), 7 survivors (7168K)
 Metaspace       used 108932K, committed 109696K, reserved 1179648K
  class space    used 15363K, committed 15744K, reserved 1048576K
}
Event: 14.386 GC heap after
{Heap after GC invocations=41 (full 0):
 garbage-first heap   total 315392K, used 236863K [0x0000000080000000, 0x0000000100000000)
  region size 1024K, 6 young (6144K), 6 survivors (6144K)
 Metaspace       used 108932K, committed 109696K, reserved 1179648K
  class space    used 15363K, committed 15744K, reserved 1048576K
}
Event: 14.482 GC heap before
{Heap before GC invocations=41 (full 0):
 garbage-first heap   total 315392K, used 275775K [0x0000000080000000, 0x0000000100000000)
  region size 1024K, 34 young (34816K), 6 survivors (6144K)
 Metaspace       used 109002K, committed 109760K, reserved 1179648K
  class space    used 15365K, committed 15744K, reserved 1048576K
}

