# JRE version: OpenJDK Runtime Environment (17.0.9) (build 17.0.9+0--11185874)
# Java VM: OpenJDK 64-Bit Server VM (17.0.9+0--11185874, mixed mode, tiered, compressed oops, compressed class ptrs, g1 gc, windows-amd64)
GC Precious Log:
 CPUs: 8 total, 8 available
 Memory: 16062M
 Large Page Support: Disabled
 NUMA Support: Disabled
 Compressed Oops: Enabled (32-bit)
 Heap Region Size: 1M
 Heap Min Capacity: 8M
 Heap Initial Capacity: 252M
 Heap Max Capacity: 2G
 Pre-touch: Disabled
 Parallel Workers: 8
 Concurrent Workers: 2
 Concurrent Refinement Workers: 8
 Periodic GC: Disabled
Heap:
 garbage-first heap   total 114688K, used 67209K [0x0000000080000000, 0x0000000100000000)
  region size 1024K, 10 young (10240K), 3 survivors (3072K)
 Metaspace       used 79278K, committed 79872K, reserved 1179648K
  class space    used 10975K, committed 11264K, reserved 1048576K
GC Heap History (20 events):
Event: 6.142 GC heap before
{Heap before GC invocations=18 (full 0):
 garbage-first heap   total 87040K, used 69444K [0x0000000080000000, 0x0000000100000000)
  region size 1024K, 22 young (22528K), 2 survivors (2048K)
 Metaspace       used 60385K, committed 60928K, reserved 1114112K
  class space    used 8276K, committed 8576K, reserved 1048576K
}
Event: 6.145 GC heap after
{Heap after GC invocations=19 (full 0):
 garbage-first heap   total 87040K, used 49561K [0x0000000080000000, 0x0000000100000000)
  region size 1024K, 2 young (2048K), 2 survivors (2048K)
 Metaspace       used 60385K, committed 60928K, reserved 1114112K
  class space    used 8276K, committed 8576K, reserved 1048576K
}
Event: 6.384 GC heap before
{Heap before GC invocations=20 (full 0):
 garbage-first heap   total 89088K, used 70041K [0x0000000080000000, 0x0000000100000000)
  region size 1024K, 23 young (23552K), 2 survivors (2048K)
 Metaspace       used 62661K, committed 63168K, reserved 1114112K
  class space    used 8532K, committed 8768K, reserved 1048576K
}
Event: 6.386 GC heap after
{Heap after GC invocations=21 (full 0):
 garbage-first heap   total 89088K, used 49967K [0x0000000080000000, 0x0000000100000000)
  region size 1024K, 2 young (2048K), 2 survivors (2048K)
 Metaspace       used 62661K, committed 63168K, reserved 1114112K
  class space    used 8532K, committed 8768K, reserved 1048576K
}
Event: 6.696 GC heap before
{Heap before GC invocations=21 (full 0):
 garbage-first heap   total 89088K, used 72495K [0x0000000080000000, 0x0000000100000000)
  region size 1024K, 24 young (24576K), 2 survivors (2048K)
 Metaspace       used 65498K, committed 66112K, reserved 1114112K
  class space    used 8945K, committed 9216K, reserved 1048576K
}
Event: 6.699 GC heap after
{Heap after GC invocations=22 (full 0):
 garbage-first heap   total 107520K, used 51816K [0x0000000080000000, 0x0000000100000000)
  region size 1024K, 3 young (3072K), 3 survivors (3072K)
 Metaspace       used 65498K, committed 66112K, reserved 1114112K
  class space    used 8945K, committed 9216K, reserved 1048576K
}
Event: 6.755 GC heap before
{Heap before GC invocations=23 (full 0):
 garbage-first heap   total 107520K, used 53864K [0x0000000080000000, 0x0000000100000000)
  region size 1024K, 6 young (6144K), 3 survivors (3072K)
 Metaspace       used 65958K, committed 66560K, reserved 1114112K
  class space    used 8997K, committed 9280K, reserved 1048576K
}
Event: 6.758 GC heap after
{Heap after GC invocations=24 (full 0):
 garbage-first heap   total 107520K, used 52105K [0x0000000080000000, 0x0000000100000000)
  region size 1024K, 3 young (3072K), 3 survivors (3072K)
 Metaspace       used 65958K, committed 66560K, reserved 1114112K
  class space    used 8997K, committed 9280K, reserved 1048576K
}
Event: 7.058 GC heap before
{Heap before GC invocations=25 (full 0):
 garbage-first heap   total 114688K, used 92041K [0x0000000080000000, 0x0000000100000000)
  region size 1024K, 36 young (36864K), 3 survivors (3072K)
 Metaspace       used 67586K, committed 68160K, reserved 1114112K
  class space    used 9216K, committed 9536K, reserved 1048576K
}
Event: 7.062 GC heap after
{Heap after GC invocations=26 (full 0):
 garbage-first heap   total 114688K, used 55035K [0x0000000080000000, 0x0000000100000000)
  region size 1024K, 5 young (5120K), 5 survivors (5120K)
 Metaspace       used 67586K, committed 68160K, reserved 1114112K
  class space    used 9216K, committed 9536K, reserved 1048576K
}
Event: 7.416 GC heap before
{Heap before GC invocations=26 (full 0):
 garbage-first heap   total 114688K, used 89851K [0x0000000080000000, 0x0000000100000000)
  region size 1024K, 39 young (39936K), 5 survivors (5120K)
 Metaspace       used 70036K, committed 70656K, reserved 1114112K
  class space    used 9544K, committed 9856K, reserved 1048576K
}
Event: 7.421 GC heap after
{Heap after GC invocations=27 (full 0):
 garbage-first heap   total 114688K, used 57283K [0x0000000080000000, 0x0000000100000000)
  region size 1024K, 2 young (2048K), 2 survivors (2048K)
 Metaspace       used 70036K, committed 70656K, reserved 1114112K
  class space    used 9544K, committed 9856K, reserved 1048576K
}
Event: 7.796 GC heap before
{Heap before GC invocations=27 (full 0):
 garbage-first heap   total 114688K, used 91075K [0x0000000080000000, 0x0000000100000000)
  region size 1024K, 35 young (35840K), 2 survivors (2048K)
 Metaspace       used 74228K, committed 74816K, reserved 1114112K
  class space    used 10126K, committed 10432K, reserved 1048576K
}
Event: 7.799 GC heap after
{Heap after GC invocations=28 (full 0):
 garbage-first heap   total 114688K, used 58610K [0x0000000080000000, 0x0000000100000000)
  region size 1024K, 4 young (4096K), 4 survivors (4096K)
 Metaspace       used 74228K, committed 74816K, reserved 1114112K
  class space    used 10126K, committed 10432K, reserved 1048576K
}
Event: 8.143 GC heap before
{Heap before GC invocations=29 (full 0):
 garbage-first heap   total 114688K, used 91378K [0x0000000080000000, 0x0000000100000000)
  region size 1024K, 37 young (37888K), 4 survivors (4096K)
 Metaspace       used 76071K, committed 76736K, reserved 1179648K
  class space    used 10375K, committed 10688K, reserved 1048576K
}
Event: 8.147 GC heap after
{Heap after GC invocations=30 (full 0):
 garbage-first heap   total 114688K, used 59987K [0x0000000080000000, 0x0000000100000000)
  region size 1024K, 3 young (3072K), 3 survivors (3072K)
 Metaspace       used 76071K, committed 76736K, reserved 1179648K
  class space    used 10375K, committed 10688K, reserved 1048576K
}
Event: 8.218 GC heap before
{Heap before GC invocations=30 (full 0):
 garbage-first heap   total 114688K, used 67155K [0x0000000080000000, 0x0000000100000000)
  region size 1024K, 11 young (11264K), 3 survivors (3072K)
 Metaspace       used 76531K, committed 77184K, reserved 1179648K
  class space    used 10434K, committed 10752K, reserved 1048576K
}
Event: 8.221 GC heap after
{Heap after GC invocations=31 (full 0):
 garbage-first heap   total 114688K, used 60765K [0x0000000080000000, 0x0000000100000000)
  region size 1024K, 3 young (3072K), 3 survivors (3072K)
 Metaspace       used 76531K, committed 77184K, reserved 1179648K
  class space    used 10434K, committed 10752K, reserved 1048576K
}
Event: 8.574 GC heap before
{Heap before GC invocations=32 (full 0):
 garbage-first heap   total 114688K, used 94557K [0x0000000080000000, 0x0000000100000000)
  region size 1024K, 35 young (35840K), 3 survivors (3072K)
 Metaspace       used 78844K, committed 79424K, reserved 1179648K
  class space    used 10869K, committed 11136K, reserved 1048576K
}
Event: 8.576 GC heap after
{Heap after GC invocations=33 (full 0):
 garbage-first heap   total 114688K, used 61065K [0x0000000080000000, 0x0000000100000000)
  region size 1024K, 3 young (3072K), 3 survivors (3072K)
 Metaspace       used 78844K, committed 79424K, reserved 1179648K
  class space    used 10869K, committed 11136K, reserved 1048576K
}

