# JRE version: OpenJDK Runtime Environment (17.0.9) (build 17.0.9+0--11185874)
# Java VM: OpenJDK 64-Bit Server VM (17.0.9+0--11185874, mixed mode, tiered, compressed oops, compressed class ptrs, g1 gc, windows-amd64)
GC Precious Log:
 CPUs: 8 total, 8 available
 Memory: 16062M
 Large Page Support: Disabled
 NUMA Support: Disabled
 Compressed Oops: Enabled (32-bit)
 Heap Region Size: 1M
 Heap Min Capacity: 8M
 Heap Initial Capacity: 252M
 Heap Max Capacity: 2G
 Pre-touch: Disabled
 Parallel Workers: 8
 Concurrent Workers: 2
 Concurrent Refinement Workers: 8
 Periodic GC: Disabled
Heap:
 garbage-first heap   total 235520K, used 154493K [0x0000000080000000, 0x0000000100000000)
  region size 1024K, 4 young (4096K), 2 survivors (2048K)
 Metaspace       used 133599K, committed 134464K, reserved 1179648K
  class space    used 18671K, committed 19072K, reserved 1048576K
GC Heap History (20 events):
Event: 16.259 GC heap before
{Heap before GC invocations=44 (full 0):
 garbage-first heap   total 195584K, used 146542K [0x0000000080000000, 0x0000000100000000)
  region size 1024K, 40 young (40960K), 3 survivors (3072K)
 Metaspace       used 101788K, committed 102528K, reserved 1179648K
  class space    used 13973K, committed 14336K, reserved 1048576K
}
Event: 16.263 GC heap after
{Heap after GC invocations=45 (full 0):
 garbage-first heap   total 195584K, used 112223K [0x0000000080000000, 0x0000000100000000)
  region size 1024K, 5 young (5120K), 5 survivors (5120K)
 Metaspace       used 101788K, committed 102528K, reserved 1179648K
  class space    used 13973K, committed 14336K, reserved 1048576K
}
Event: 16.616 GC heap before
{Heap before GC invocations=45 (full 0):
 garbage-first heap   total 195584K, used 151135K [0x0000000080000000, 0x0000000100000000)
  region size 1024K, 44 young (45056K), 5 survivors (5120K)
 Metaspace       used 102153K, committed 102912K, reserved 1179648K
  class space    used 14004K, committed 14400K, reserved 1048576K
}
Event: 16.622 GC heap after
{Heap after GC invocations=46 (full 0):
 garbage-first heap   total 195584K, used 114191K [0x0000000080000000, 0x0000000100000000)
  region size 1024K, 5 young (5120K), 5 survivors (5120K)
 Metaspace       used 102153K, committed 102912K, reserved 1179648K
  class space    used 14004K, committed 14400K, reserved 1048576K
}
Event: 17.099 GC heap before
{Heap before GC invocations=46 (full 0):
 garbage-first heap   total 195584K, used 153103K [0x0000000080000000, 0x0000000100000000)
  region size 1024K, 44 young (45056K), 5 survivors (5120K)
 Metaspace       used 103645K, committed 104448K, reserved 1179648K
  class space    used 14189K, committed 14592K, reserved 1048576K
}
Event: 17.106 GC heap after
{Heap after GC invocations=47 (full 0):
 garbage-first heap   total 195584K, used 117954K [0x0000000080000000, 0x0000000100000000)
  region size 1024K, 6 young (6144K), 6 survivors (6144K)
 Metaspace       used 103645K, committed 104448K, reserved 1179648K
  class space    used 14189K, committed 14592K, reserved 1048576K
}
Event: 17.548 GC heap before
{Heap before GC invocations=47 (full 0):
 garbage-first heap   total 195584K, used 156866K [0x0000000080000000, 0x0000000100000000)
  region size 1024K, 43 young (44032K), 6 survivors (6144K)
 Metaspace       used 110278K, committed 111040K, reserved 1179648K
  class space    used 15041K, committed 15424K, reserved 1048576K
}
Event: 17.570 GC heap after
{Heap after GC invocations=48 (full 0):
 garbage-first heap   total 235520K, used 125110K [0x0000000080000000, 0x0000000100000000)
  region size 1024K, 5 young (5120K), 5 survivors (5120K)
 Metaspace       used 110278K, committed 111040K, reserved 1179648K
  class space    used 15041K, committed 15424K, reserved 1048576K
}
Event: 18.611 GC heap before
{Heap before GC invocations=48 (full 0):
 garbage-first heap   total 235520K, used 182454K [0x0000000080000000, 0x0000000100000000)
  region size 1024K, 61 young (62464K), 5 survivors (5120K)
 Metaspace       used 112767K, committed 113600K, reserved 1179648K
  class space    used 15346K, committed 15744K, reserved 1048576K
}
Event: 18.616 GC heap after
{Heap after GC invocations=49 (full 0):
 garbage-first heap   total 235520K, used 123265K [0x0000000080000000, 0x0000000100000000)
  region size 1024K, 2 young (2048K), 2 survivors (2048K)
 Metaspace       used 112767K, committed 113600K, reserved 1179648K
  class space    used 15346K, committed 15744K, reserved 1048576K
}
Event: 19.445 GC heap before
{Heap before GC invocations=49 (full 0):
 garbage-first heap   total 235520K, used 192897K [0x0000000080000000, 0x0000000100000000)
  region size 1024K, 69 young (70656K), 2 survivors (2048K)
 Metaspace       used 118219K, committed 118976K, reserved 1179648K
  class space    used 16131K, committed 16512K, reserved 1048576K
}
Event: 19.451 GC heap after
{Heap after GC invocations=50 (full 0):
 garbage-first heap   total 235520K, used 130557K [0x0000000080000000, 0x0000000100000000)
  region size 1024K, 9 young (9216K), 9 survivors (9216K)
 Metaspace       used 118219K, committed 118976K, reserved 1179648K
  class space    used 16131K, committed 16512K, reserved 1048576K
}
Event: 19.940 GC heap before
{Heap before GC invocations=50 (full 0):
 garbage-first heap   total 235520K, used 187901K [0x0000000080000000, 0x0000000100000000)
  region size 1024K, 66 young (67584K), 9 survivors (9216K)
 Metaspace       used 125147K, committed 125952K, reserved 1179648K
  class space    used 17323K, committed 17664K, reserved 1048576K
}
Event: 19.948 GC heap after
{Heap after GC invocations=51 (full 0):
 garbage-first heap   total 235520K, used 133609K [0x0000000080000000, 0x0000000100000000)
  region size 1024K, 4 young (4096K), 4 survivors (4096K)
 Metaspace       used 125147K, committed 125952K, reserved 1179648K
  class space    used 17323K, committed 17664K, reserved 1048576K
}
Event: 20.595 GC heap before
{Heap before GC invocations=51 (full 0):
 garbage-first heap   total 235520K, used 190953K [0x0000000080000000, 0x0000000100000000)
  region size 1024K, 61 young (62464K), 4 survivors (4096K)
 Metaspace       used 128138K, committed 129024K, reserved 1179648K
  class space    used 17727K, committed 18176K, reserved 1048576K
}
Event: 20.607 GC heap after
{Heap after GC invocations=52 (full 0):
 garbage-first heap   total 235520K, used 133590K [0x0000000080000000, 0x0000000100000000)
  region size 1024K, 4 young (4096K), 4 survivors (4096K)
 Metaspace       used 128138K, committed 129024K, reserved 1179648K
  class space    used 17727K, committed 18176K, reserved 1048576K
}
Event: 21.532 GC heap before
{Heap before GC invocations=52 (full 0):
 garbage-first heap   total 235520K, used 195030K [0x0000000080000000, 0x0000000100000000)
  region size 1024K, 64 young (65536K), 4 survivors (4096K)
 Metaspace       used 131761K, committed 132672K, reserved 1179648K
  class space    used 18432K, committed 18880K, reserved 1048576K
}
Event: 21.540 GC heap after
{Heap after GC invocations=53 (full 0):
 garbage-first heap   total 235520K, used 139541K [0x0000000080000000, 0x0000000100000000)
  region size 1024K, 8 young (8192K), 8 survivors (8192K)
 Metaspace       used 131761K, committed 132672K, reserved 1179648K
  class space    used 18432K, committed 18880K, reserved 1048576K
}
Event: 22.111 GC heap before
{Heap before GC invocations=53 (full 0):
 garbage-first heap   total 235520K, used 183573K [0x0000000080000000, 0x0000000100000000)
  region size 1024K, 36 young (36864K), 8 survivors (8192K)
 Metaspace       used 133481K, committed 134336K, reserved 1179648K
  class space    used 18653K, committed 19072K, reserved 1048576K
}
Event: 22.117 GC heap after
{Heap after GC invocations=54 (full 0):
 garbage-first heap   total 235520K, used 154493K [0x0000000080000000, 0x0000000100000000)
  region size 1024K, 2 young (2048K), 2 survivors (2048K)
 Metaspace       used 133481K, committed 134336K, reserved 1179648K
  class space    used 18653K, committed 19072K, reserved 1048576K
}

