# JRE version: OpenJDK Runtime Environment (17.0.9) (build 17.0.9+0--11185874)
# Java VM: OpenJDK 64-Bit Server VM (17.0.9+0--11185874, mixed mode, tiered, compressed oops, compressed class ptrs, g1 gc, windows-amd64)
GC Precious Log:
 CPUs: 8 total, 8 available
 Memory: 16062M
 Large Page Support: Disabled
 NUMA Support: Disabled
 Compressed Oops: Enabled (32-bit)
 Heap Region Size: 1M
 Heap Min Capacity: 8M
 Heap Initial Capacity: 252M
 Heap Max Capacity: 2G
 Pre-touch: Disabled
 Parallel Workers: 8
 Concurrent Workers: 2
 Concurrent Refinement Workers: 8
 Periodic GC: Disabled
Heap:
 garbage-first heap   total 258048K, used 130040K [0x0000000080000000, 0x0000000100000000)
  region size 1024K, 2 young (2048K), 2 survivors (2048K)
 Metaspace       used 104345K, committed 105152K, reserved 1179648K
  class space    used 14425K, committed 14848K, reserved 1048576K
GC Heap History (20 events):
Event: 5.721 GC heap after
{Heap after GC invocations=22 (full 0):
 garbage-first heap   total 246784K, used 52327K [0x0000000080000000, 0x0000000100000000)
  region size 1024K, 4 young (4096K), 4 survivors (4096K)
 Metaspace       used 65902K, committed 66496K, reserved 1114112K
  class space    used 8988K, committed 9280K, reserved 1048576K
}
Event: 6.747 GC heap before
{Heap before GC invocations=23 (full 0):
 garbage-first heap   total 225280K, used 177255K [0x0000000080000000, 0x0000000100000000)
  region size 1024K, 120 young (122880K), 4 survivors (4096K)
 Metaspace       used 74748K, committed 75392K, reserved 1114112K
  class space    used 10181K, committed 10496K, reserved 1048576K
}
Event: 6.755 GC heap after
{Heap after GC invocations=24 (full 0):
 garbage-first heap   total 225280K, used 59541K [0x0000000080000000, 0x0000000100000000)
  region size 1024K, 11 young (11264K), 11 survivors (11264K)
 Metaspace       used 74748K, committed 75392K, reserved 1114112K
  class space    used 10181K, committed 10496K, reserved 1048576K
}
Event: 6.761 GC heap before
{Heap before GC invocations=24 (full 0):
 garbage-first heap   total 225280K, used 60565K [0x0000000080000000, 0x0000000100000000)
  region size 1024K, 12 young (12288K), 11 survivors (11264K)
 Metaspace       used 74814K, committed 75456K, reserved 1114112K
  class space    used 10193K, committed 10496K, reserved 1048576K
}
Event: 6.767 GC heap after
{Heap after GC invocations=25 (full 0):
 garbage-first heap   total 225280K, used 60494K [0x0000000080000000, 0x0000000100000000)
  region size 1024K, 1 young (1024K), 1 survivors (1024K)
 Metaspace       used 74814K, committed 75456K, reserved 1114112K
  class space    used 10193K, committed 10496K, reserved 1048576K
}
Event: 7.700 GC heap before
{Heap before GC invocations=25 (full 0):
 garbage-first heap   total 225280K, used 169038K [0x0000000080000000, 0x0000000100000000)
  region size 1024K, 107 young (109568K), 1 survivors (1024K)
 Metaspace       used 82798K, committed 83520K, reserved 1179648K
  class space    used 11512K, committed 11840K, reserved 1048576K
}
Event: 7.704 GC heap after
{Heap after GC invocations=26 (full 0):
 garbage-first heap   total 225280K, used 63540K [0x0000000080000000, 0x0000000100000000)
  region size 1024K, 4 young (4096K), 4 survivors (4096K)
 Metaspace       used 82798K, committed 83520K, reserved 1179648K
  class space    used 11512K, committed 11840K, reserved 1048576K
}
Event: 8.889 GC heap before
{Heap before GC invocations=26 (full 0):
 garbage-first heap   total 225280K, used 175156K [0x0000000080000000, 0x0000000100000000)
  region size 1024K, 113 young (115712K), 4 survivors (4096K)
 Metaspace       used 91667K, committed 92352K, reserved 1179648K
  class space    used 12866K, committed 13184K, reserved 1048576K
}
Event: 8.897 GC heap after
{Heap after GC invocations=27 (full 0):
 garbage-first heap   total 225280K, used 70548K [0x0000000080000000, 0x0000000100000000)
  region size 1024K, 11 young (11264K), 11 survivors (11264K)
 Metaspace       used 91667K, committed 92352K, reserved 1179648K
  class space    used 12866K, committed 13184K, reserved 1048576K
}
Event: 9.945 GC heap before
{Heap before GC invocations=27 (full 0):
 garbage-first heap   total 225280K, used 184212K [0x0000000080000000, 0x0000000100000000)
  region size 1024K, 116 young (118784K), 11 survivors (11264K)
 Metaspace       used 95886K, committed 96576K, reserved 1179648K
  class space    used 13363K, committed 13696K, reserved 1048576K
}
Event: 9.961 GC heap after
{Heap after GC invocations=28 (full 0):
 garbage-first heap   total 225280K, used 89788K [0x0000000080000000, 0x0000000100000000)
  region size 1024K, 15 young (15360K), 15 survivors (15360K)
 Metaspace       used 95886K, committed 96576K, reserved 1179648K
  class space    used 13363K, committed 13696K, reserved 1048576K
}
Event: 10.634 GC heap before
{Heap before GC invocations=28 (full 0):
 garbage-first heap   total 225280K, used 187068K [0x0000000080000000, 0x0000000100000000)
  region size 1024K, 94 young (96256K), 15 survivors (15360K)
 Metaspace       used 99041K, committed 99840K, reserved 1179648K
  class space    used 13693K, committed 14080K, reserved 1048576K
}
Event: 10.647 GC heap after
{Heap after GC invocations=29 (full 0):
 garbage-first heap   total 225280K, used 98178K [0x0000000080000000, 0x0000000100000000)
  region size 1024K, 8 young (8192K), 8 survivors (8192K)
 Metaspace       used 99041K, committed 99840K, reserved 1179648K
  class space    used 13693K, committed 14080K, reserved 1048576K
}
Event: 11.048 GC heap before
{Heap before GC invocations=29 (full 0):
 garbage-first heap   total 225280K, used 177026K [0x0000000080000000, 0x0000000100000000)
  region size 1024K, 82 young (83968K), 8 survivors (8192K)
 Metaspace       used 100711K, committed 101504K, reserved 1179648K
  class space    used 13882K, committed 14272K, reserved 1048576K
}
Event: 11.058 GC heap after
{Heap after GC invocations=30 (full 0):
 garbage-first heap   total 225280K, used 109779K [0x0000000080000000, 0x0000000100000000)
  region size 1024K, 8 young (8192K), 8 survivors (8192K)
 Metaspace       used 100711K, committed 101504K, reserved 1179648K
  class space    used 13882K, committed 14272K, reserved 1048576K
}
Event: 11.061 GC heap before
{Heap before GC invocations=30 (full 0):
 garbage-first heap   total 225280K, used 109779K [0x0000000080000000, 0x0000000100000000)
  region size 1024K, 10 young (10240K), 8 survivors (8192K)
 Metaspace       used 100719K, committed 101504K, reserved 1179648K
  class space    used 13882K, committed 14272K, reserved 1048576K
}
Event: 11.066 GC heap after
{Heap after GC invocations=31 (full 0):
 garbage-first heap   total 225280K, used 112028K [0x0000000080000000, 0x0000000100000000)
  region size 1024K, 2 young (2048K), 2 survivors (2048K)
 Metaspace       used 100719K, committed 101504K, reserved 1179648K
  class space    used 13882K, committed 14272K, reserved 1048576K
}
Event: 11.553 GC heap before
{Heap before GC invocations=32 (full 0):
 garbage-first heap   total 225280K, used 201116K [0x0000000080000000, 0x0000000100000000)
  region size 1024K, 58 young (59392K), 2 survivors (2048K)
 Metaspace       used 104345K, committed 105152K, reserved 1179648K
  class space    used 14425K, committed 14848K, reserved 1048576K
}
Event: 11.560 GC heap after
{Heap after GC invocations=33 (full 0):
 garbage-first heap   total 225280K, used 138158K [0x0000000080000000, 0x0000000100000000)
  region size 1024K, 8 young (8192K), 8 survivors (8192K)
 Metaspace       used 104345K, committed 105152K, reserved 1179648K
  class space    used 14425K, committed 14848K, reserved 1048576K
}
Event: 11.584 GC heap before
{Heap before GC invocations=33 (full 0):
 garbage-first heap   total 225280K, used 141230K [0x0000000080000000, 0x0000000100000000)
  region size 1024K, 11 young (11264K), 8 survivors (8192K)
 Metaspace       used 104345K, committed 105152K, reserved 1179648K
  class space    used 14425K, committed 14848K, reserved 1048576K
}

