# JRE version: OpenJDK Runtime Environment (17.0.9) (build 17.0.9+0--11185874)
# Java VM: OpenJDK 64-Bit Server VM (17.0.9+0--11185874, mixed mode, tiered, compressed oops, compressed class ptrs, g1 gc, windows-amd64)
GC Precious Log:
 CPUs: 8 total, 8 available
 Memory: 16062M
 Large Page Support: Disabled
 NUMA Support: Disabled
 Compressed Oops: Enabled (32-bit)
 Heap Region Size: 1M
 Heap Min Capacity: 8M
 Heap Initial Capacity: 252M
 Heap Max Capacity: 2G
 Pre-touch: Disabled
 Parallel Workers: 8
 Concurrent Workers: 2
 Concurrent Refinement Workers: 8
 Periodic GC: Disabled
Heap:
 garbage-first heap   total 258048K, used 106782K [0x0000000080000000, 0x0000000100000000)
  region size 1024K, 5 young (5120K), 5 survivors (5120K)
 Metaspace       used 104140K, committed 104896K, reserved 1179648K
  class space    used 14149K, committed 14528K, reserved 1048576K
GC Heap History (20 events):
Event: 9.575 GC heap after
{Heap after GC invocations=34 (full 0):
 garbage-first heap   total 113664K, used 63155K [0x0000000080000000, 0x0000000100000000)
  region size 1024K, 3 young (3072K), 3 survivors (3072K)
 Metaspace       used 81288K, committed 81920K, reserved 1179648K
  class space    used 11285K, committed 11584K, reserved 1048576K
}
Event: 9.989 GC heap before
{Heap before GC invocations=35 (full 0):
 garbage-first heap   total 113664K, used 95923K [0x0000000080000000, 0x0000000100000000)
  region size 1024K, 35 young (35840K), 3 survivors (3072K)
 Metaspace       used 84097K, committed 84736K, reserved 1179648K
  class space    used 11699K, committed 12032K, reserved 1048576K
}
Event: 9.994 GC heap after
{Heap after GC invocations=36 (full 0):
 garbage-first heap   total 113664K, used 65079K [0x0000000080000000, 0x0000000100000000)
  region size 1024K, 5 young (5120K), 5 survivors (5120K)
 Metaspace       used 84097K, committed 84736K, reserved 1179648K
  class space    used 11699K, committed 12032K, reserved 1048576K
}
Event: 10.005 GC heap before
{Heap before GC invocations=36 (full 0):
 garbage-first heap   total 113664K, used 66103K [0x0000000080000000, 0x0000000100000000)
  region size 1024K, 6 young (6144K), 5 survivors (5120K)
 Metaspace       used 84188K, committed 84800K, reserved 1179648K
  class space    used 11714K, committed 12032K, reserved 1048576K
}
Event: 10.009 GC heap after
{Heap after GC invocations=37 (full 0):
 garbage-first heap   total 227328K, used 65035K [0x0000000080000000, 0x0000000100000000)
  region size 1024K, 1 young (1024K), 1 survivors (1024K)
 Metaspace       used 84188K, committed 84800K, reserved 1179648K
  class space    used 11714K, committed 12032K, reserved 1048576K
}
Event: 11.390 GC heap before
{Heap before GC invocations=37 (full 0):
 garbage-first heap   total 227328K, used 194059K [0x0000000080000000, 0x0000000100000000)
  region size 1024K, 122 young (124928K), 1 survivors (1024K)
 Metaspace       used 93616K, committed 94400K, reserved 1179648K
  class space    used 13135K, committed 13504K, reserved 1048576K
}
Event: 11.396 GC heap after
{Heap after GC invocations=38 (full 0):
 garbage-first heap   total 227328K, used 72123K [0x0000000080000000, 0x0000000100000000)
  region size 1024K, 8 young (8192K), 8 survivors (8192K)
 Metaspace       used 93616K, committed 94400K, reserved 1179648K
  class space    used 13135K, committed 13504K, reserved 1048576K
}
Event: 12.662 GC heap before
{Heap before GC invocations=38 (full 0):
 garbage-first heap   total 227328K, used 188859K [0x0000000080000000, 0x0000000100000000)
  region size 1024K, 114 young (116736K), 8 survivors (8192K)
 Metaspace       used 96432K, committed 97216K, reserved 1179648K
  class space    used 13404K, committed 13824K, reserved 1048576K
}
Event: 12.681 GC heap after
{Heap after GC invocations=39 (full 0):
 garbage-first heap   total 227328K, used 99349K [0x0000000080000000, 0x0000000100000000)
  region size 1024K, 15 young (15360K), 15 survivors (15360K)
 Metaspace       used 96432K, committed 97216K, reserved 1179648K
  class space    used 13404K, committed 13824K, reserved 1048576K
}
Event: 13.398 GC heap before
{Heap before GC invocations=39 (full 0):
 garbage-first heap   total 227328K, used 163861K [0x0000000080000000, 0x0000000100000000)
  region size 1024K, 63 young (64512K), 15 survivors (15360K)
 Metaspace       used 96896K, committed 97728K, reserved 1179648K
  class space    used 13437K, committed 13824K, reserved 1048576K
}
Event: 13.417 GC heap after
{Heap after GC invocations=40 (full 0):
 garbage-first heap   total 227328K, used 114221K [0x0000000080000000, 0x0000000100000000)
  region size 1024K, 10 young (10240K), 10 survivors (10240K)
 Metaspace       used 96896K, committed 97728K, reserved 1179648K
  class space    used 13437K, committed 13824K, reserved 1048576K
}
Event: 13.719 GC heap before
{Heap before GC invocations=41 (full 0):
 garbage-first heap   total 227328K, used 177709K [0x0000000080000000, 0x0000000100000000)
  region size 1024K, 65 young (66560K), 10 survivors (10240K)
 Metaspace       used 98714K, committed 99456K, reserved 1179648K
  class space    used 13589K, committed 13952K, reserved 1048576K
}
Event: 13.727 GC heap after
{Heap after GC invocations=42 (full 0):
 garbage-first heap   total 227328K, used 115047K [0x0000000080000000, 0x0000000100000000)
  region size 1024K, 9 young (9216K), 9 survivors (9216K)
 Metaspace       used 98714K, committed 99456K, reserved 1179648K
  class space    used 13589K, committed 13952K, reserved 1048576K
}
Event: 13.972 GC heap before
{Heap before GC invocations=42 (full 0):
 garbage-first heap   total 227328K, used 171367K [0x0000000080000000, 0x0000000100000000)
  region size 1024K, 65 young (66560K), 9 survivors (9216K)
 Metaspace       used 100805K, committed 101504K, reserved 1179648K
  class space    used 13787K, committed 14144K, reserved 1048576K
}
Event: 13.981 GC heap after
{Heap after GC invocations=43 (full 0):
 garbage-first heap   total 227328K, used 119244K [0x0000000080000000, 0x0000000100000000)
  region size 1024K, 5 young (5120K), 5 survivors (5120K)
 Metaspace       used 100805K, committed 101504K, reserved 1179648K
  class space    used 13787K, committed 14144K, reserved 1048576K
}
Event: 14.208 GC heap before
{Heap before GC invocations=44 (full 0):
 garbage-first heap   total 227328K, used 158156K [0x0000000080000000, 0x0000000100000000)
  region size 1024K, 61 young (62464K), 5 survivors (5120K)
 Metaspace       used 101714K, committed 102528K, reserved 1179648K
  class space    used 13875K, committed 14272K, reserved 1048576K
}
Event: 14.213 GC heap after
{Heap after GC invocations=45 (full 0):
 garbage-first heap   total 227328K, used 105002K [0x0000000080000000, 0x0000000100000000)
  region size 1024K, 8 young (8192K), 8 survivors (8192K)
 Metaspace       used 101714K, committed 102528K, reserved 1179648K
  class space    used 13875K, committed 14272K, reserved 1048576K
}
Event: 14.238 GC heap before
{Heap before GC invocations=45 (full 0):
 garbage-first heap   total 227328K, used 108074K [0x0000000080000000, 0x0000000100000000)
  region size 1024K, 11 young (11264K), 8 survivors (8192K)
 Metaspace       used 101725K, committed 102528K, reserved 1179648K
  class space    used 13875K, committed 14272K, reserved 1048576K
}
Event: 14.242 GC heap after
{Heap after GC invocations=46 (full 0):
 garbage-first heap   total 227328K, used 103704K [0x0000000080000000, 0x0000000100000000)
  region size 1024K, 2 young (2048K), 2 survivors (2048K)
 Metaspace       used 101725K, committed 102528K, reserved 1179648K
  class space    used 13875K, committed 14272K, reserved 1048576K
}
Event: 14.948 GC heap before
{Heap before GC invocations=46 (full 0):
 garbage-first heap   total 227328K, used 175384K [0x0000000080000000, 0x0000000100000000)
  region size 1024K, 73 young (74752K), 2 survivors (2048K)
 Metaspace       used 104140K, committed 104896K, reserved 1179648K
  class space    used 14149K, committed 14528K, reserved 1048576K
}

