# JRE version: OpenJDK Runtime Environment (17.0.9) (build 17.0.9+0--11185874)
# Java VM: OpenJDK 64-Bit Server VM (17.0.9+0--11185874, mixed mode, tiered, compressed oops, compressed class ptrs, g1 gc, windows-amd64)
GC Precious Log:
 CPUs: 8 total, 8 available
 Memory: 16062M
 Large Page Support: Disabled
 NUMA Support: Disabled
 Compressed Oops: Enabled (32-bit)
 Heap Region Size: 1M
 Heap Min Capacity: 8M
 Heap Initial Capacity: 252M
 Heap Max Capacity: 2G
 Pre-touch: Disabled
 Parallel Workers: 8
 Concurrent Workers: 2
 Concurrent Refinement Workers: 8
 Periodic GC: Disabled
Heap:
 garbage-first heap   total 258048K, used 126463K [0x0000000080000000, 0x0000000100000000)
  region size 1024K, 3 young (3072K), 3 survivors (3072K)
 Metaspace       used 130627K, committed 131584K, reserved 1179648K
  class space    used 18264K, committed 18688K, reserved 1048576K
GC Heap History (20 events):
Event: 40.069 GC heap after
{Heap after GC invocations=36 (full 0):
 garbage-first heap   total 224256K, used 119185K [0x0000000080000000, 0x0000000100000000)
  region size 1024K, 4 young (4096K), 4 survivors (4096K)
 Metaspace       used 103574K, committed 104448K, reserved 1179648K
  class space    used 14207K, committed 14656K, reserved 1048576K
}
Event: 40.089 GC heap before
{Heap before GC invocations=36 (full 0):
 garbage-first heap   total 224256K, used 125329K [0x0000000080000000, 0x0000000100000000)
  region size 1024K, 10 young (10240K), 4 survivors (4096K)
 Metaspace       used 103599K, committed 104448K, reserved 1179648K
  class space    used 14209K, committed 14656K, reserved 1048576K
}
Event: 40.092 GC heap after
{Heap after GC invocations=37 (full 0):
 garbage-first heap   total 224256K, used 121105K [0x0000000080000000, 0x0000000100000000)
  region size 1024K, 2 young (2048K), 2 survivors (2048K)
 Metaspace       used 103599K, committed 104448K, reserved 1179648K
  class space    used 14209K, committed 14656K, reserved 1048576K
}
Event: 40.300 GC heap before
{Heap before GC invocations=37 (full 0):
 garbage-first heap   total 224256K, used 165137K [0x0000000080000000, 0x0000000100000000)
  region size 1024K, 46 young (47104K), 2 survivors (2048K)
 Metaspace       used 104091K, committed 104960K, reserved 1179648K
  class space    used 14261K, committed 14720K, reserved 1048576K
}
Event: 40.303 GC heap after
{Heap after GC invocations=38 (full 0):
 garbage-first heap   total 224256K, used 123912K [0x0000000080000000, 0x0000000100000000)
  region size 1024K, 5 young (5120K), 5 survivors (5120K)
 Metaspace       used 104091K, committed 104960K, reserved 1179648K
  class space    used 14261K, committed 14720K, reserved 1048576K
}
Event: 40.719 GC heap before
{Heap before GC invocations=39 (full 0):
 garbage-first heap   total 224256K, used 160776K [0x0000000080000000, 0x0000000100000000)
  region size 1024K, 51 young (52224K), 5 survivors (5120K)
 Metaspace       used 107494K, committed 108288K, reserved 1179648K
  class space    used 14703K, committed 15104K, reserved 1048576K
}
Event: 40.724 GC heap after
{Heap after GC invocations=40 (full 0):
 garbage-first heap   total 224256K, used 118766K [0x0000000080000000, 0x0000000100000000)
  region size 1024K, 7 young (7168K), 7 survivors (7168K)
 Metaspace       used 107494K, committed 108288K, reserved 1179648K
  class space    used 14703K, committed 15104K, reserved 1048576K
}
Event: 40.741 GC heap before
{Heap before GC invocations=40 (full 0):
 garbage-first heap   total 224256K, used 120814K [0x0000000080000000, 0x0000000100000000)
  region size 1024K, 10 young (10240K), 7 survivors (7168K)
 Metaspace       used 108073K, committed 108928K, reserved 1179648K
  class space    used 14791K, committed 15232K, reserved 1048576K
}
Event: 40.748 GC heap after
{Heap after GC invocations=41 (full 0):
 garbage-first heap   total 224256K, used 104508K [0x0000000080000000, 0x0000000100000000)
  region size 1024K, 1 young (1024K), 1 survivors (1024K)
 Metaspace       used 108073K, committed 108928K, reserved 1179648K
  class space    used 14791K, committed 15232K, reserved 1048576K
}
Event: 41.236 GC heap before
{Heap before GC invocations=41 (full 0):
 garbage-first heap   total 224256K, used 166972K [0x0000000080000000, 0x0000000100000000)
  region size 1024K, 61 young (62464K), 1 survivors (1024K)
 Metaspace       used 113711K, committed 114560K, reserved 1179648K
  class space    used 15479K, committed 15872K, reserved 1048576K
}
Event: 41.242 GC heap after
{Heap after GC invocations=42 (full 0):
 garbage-first heap   total 224256K, used 116693K [0x0000000080000000, 0x0000000100000000)
  region size 1024K, 8 young (8192K), 8 survivors (8192K)
 Metaspace       used 113711K, committed 114560K, reserved 1179648K
  class space    used 15479K, committed 15872K, reserved 1048576K
}
Event: 41.643 GC heap before
{Heap before GC invocations=43 (full 0):
 garbage-first heap   total 224256K, used 170965K [0x0000000080000000, 0x0000000100000000)
  region size 1024K, 60 young (61440K), 8 survivors (8192K)
 Metaspace       used 115783K, committed 116608K, reserved 1179648K
  class space    used 15763K, committed 16128K, reserved 1048576K
}
Event: 41.648 GC heap after
{Heap after GC invocations=44 (full 0):
 garbage-first heap   total 224256K, used 118397K [0x0000000080000000, 0x0000000100000000)
  region size 1024K, 3 young (3072K), 3 survivors (3072K)
 Metaspace       used 115783K, committed 116608K, reserved 1179648K
  class space    used 15763K, committed 16128K, reserved 1048576K
}
Event: 41.732 GC heap before
{Heap before GC invocations=44 (full 0):
 garbage-first heap   total 224256K, used 124541K [0x0000000080000000, 0x0000000100000000)
  region size 1024K, 10 young (10240K), 3 survivors (3072K)
 Metaspace       used 116725K, committed 117504K, reserved 1179648K
  class space    used 15887K, committed 16256K, reserved 1048576K
}
Event: 41.736 GC heap after
{Heap after GC invocations=45 (full 0):
 garbage-first heap   total 224256K, used 115615K [0x0000000080000000, 0x0000000100000000)
  region size 1024K, 1 young (1024K), 1 survivors (1024K)
 Metaspace       used 116725K, committed 117504K, reserved 1179648K
  class space    used 15887K, committed 16256K, reserved 1048576K
}
Event: 42.112 GC heap before
{Heap before GC invocations=45 (full 0):
 garbage-first heap   total 224256K, used 171935K [0x0000000080000000, 0x0000000100000000)
  region size 1024K, 57 young (58368K), 1 survivors (1024K)
 Metaspace       used 121923K, committed 122752K, reserved 1179648K
  class space    used 16754K, committed 17152K, reserved 1048576K
}
Event: 42.117 GC heap after
{Heap after GC invocations=46 (full 0):
 garbage-first heap   total 224256K, used 123915K [0x0000000080000000, 0x0000000100000000)
  region size 1024K, 8 young (8192K), 8 survivors (8192K)
 Metaspace       used 121923K, committed 122752K, reserved 1179648K
  class space    used 16754K, committed 17152K, reserved 1048576K
}
Event: 42.392 GC heap before
{Heap before GC invocations=46 (full 0):
 garbage-first heap   total 224256K, used 175115K [0x0000000080000000, 0x0000000100000000)
  region size 1024K, 59 young (60416K), 8 survivors (8192K)
 Metaspace       used 128017K, committed 128896K, reserved 1179648K
  class space    used 17854K, committed 18240K, reserved 1048576K
}
Event: 42.397 GC heap after
{Heap after GC invocations=47 (full 0):
 garbage-first heap   total 224256K, used 126506K [0x0000000080000000, 0x0000000100000000)
  region size 1024K, 3 young (3072K), 3 survivors (3072K)
 Metaspace       used 128017K, committed 128896K, reserved 1179648K
  class space    used 17854K, committed 18240K, reserved 1048576K
}
Event: 42.596 GC heap before
{Heap before GC invocations=47 (full 0):
 garbage-first heap   total 224256K, used 177706K [0x0000000080000000, 0x0000000100000000)
  region size 1024K, 54 young (55296K), 3 survivors (3072K)
 Metaspace       used 130627K, committed 131584K, reserved 1179648K
  class space    used 18264K, committed 18688K, reserved 1048576K
}

