# JRE version: OpenJDK Runtime Environment (17.0.9) (build 17.0.9+0--11185874)
# Java VM: OpenJDK 64-Bit Server VM (17.0.9+0--11185874, mixed mode, tiered, compressed oops, compressed class ptrs, g1 gc, windows-amd64)
GC Precious Log:
 CPUs: 8 total, 8 available
 Memory: 16062M
 Large Page Support: Disabled
 NUMA Support: Disabled
 Compressed Oops: Enabled (32-bit)
 Heap Region Size: 1M
 Heap Min Capacity: 8M
 Heap Initial Capacity: 252M
 Heap Max Capacity: 2G
 Pre-touch: Disabled
 Parallel Workers: 8
 Concurrent Workers: 2
 Concurrent Refinement Workers: 8
 Periodic GC: Disabled
Heap:
 garbage-first heap   total 211968K, used 106249K [0x0000000080000000, 0x0000000100000000)
  region size 1024K, 1 young (1024K), 1 survivors (1024K)
 Metaspace       used 97996K, committed 98752K, reserved 1179648K
  class space    used 13555K, committed 13952K, reserved 1048576K
GC Heap History (20 events):
Event: 8.727 GC heap after
{Heap after GC invocations=26 (full 0):
 garbage-first heap   total 135168K, used 62494K [0x0000000080000000, 0x0000000100000000)
  region size 1024K, 4 young (4096K), 4 survivors (4096K)
 Metaspace       used 80192K, committed 80768K, reserved 1179648K
  class space    used 11125K, committed 11392K, reserved 1048576K
}
Event: 9.369 GC heap before
{Heap before GC invocations=26 (full 0):
 garbage-first heap   total 135168K, used 107550K [0x0000000080000000, 0x0000000100000000)
  region size 1024K, 48 young (49152K), 4 survivors (4096K)
 Metaspace       used 83944K, committed 84608K, reserved 1179648K
  class space    used 11664K, committed 11968K, reserved 1048576K
}
Event: 9.375 GC heap after
{Heap after GC invocations=27 (full 0):
 garbage-first heap   total 135168K, used 64574K [0x0000000080000000, 0x0000000100000000)
  region size 1024K, 6 young (6144K), 6 survivors (6144K)
 Metaspace       used 83944K, committed 84608K, reserved 1179648K
  class space    used 11664K, committed 11968K, reserved 1048576K
}
Event: 9.798 GC heap before
{Heap before GC invocations=27 (full 0):
 garbage-first heap   total 135168K, used 108606K [0x0000000080000000, 0x0000000100000000)
  region size 1024K, 49 young (50176K), 6 survivors (6144K)
 Metaspace       used 87197K, committed 87808K, reserved 1179648K
  class space    used 12195K, committed 12480K, reserved 1048576K
}
Event: 9.804 GC heap after
{Heap after GC invocations=28 (full 0):
 garbage-first heap   total 135168K, used 66670K [0x0000000080000000, 0x0000000100000000)
  region size 1024K, 5 young (5120K), 5 survivors (5120K)
 Metaspace       used 87197K, committed 87808K, reserved 1179648K
  class space    used 12195K, committed 12480K, reserved 1048576K
}
Event: 10.289 GC heap before
{Heap before GC invocations=28 (full 0):
 garbage-first heap   total 135168K, used 110702K [0x0000000080000000, 0x0000000100000000)
  region size 1024K, 48 young (49152K), 5 survivors (5120K)
 Metaspace       used 90869K, committed 91520K, reserved 1179648K
  class space    used 12704K, committed 12992K, reserved 1048576K
}
Event: 10.298 GC heap after
{Heap after GC invocations=29 (full 0):
 garbage-first heap   total 162816K, used 69628K [0x0000000080000000, 0x0000000100000000)
  region size 1024K, 6 young (6144K), 6 survivors (6144K)
 Metaspace       used 90869K, committed 91520K, reserved 1179648K
  class space    used 12704K, committed 12992K, reserved 1048576K
}
Event: 10.861 GC heap before
{Heap before GC invocations=30 (full 0):
 garbage-first heap   total 162816K, used 134140K [0x0000000080000000, 0x0000000100000000)
  region size 1024K, 65 young (66560K), 6 survivors (6144K)
 Metaspace       used 93529K, committed 94272K, reserved 1179648K
  class space    used 13078K, committed 13440K, reserved 1048576K
}
Event: 10.869 GC heap after
{Heap after GC invocations=31 (full 0):
 garbage-first heap   total 162816K, used 74385K [0x0000000080000000, 0x0000000100000000)
  region size 1024K, 8 young (8192K), 8 survivors (8192K)
 Metaspace       used 93529K, committed 94272K, reserved 1179648K
  class space    used 13078K, committed 13440K, reserved 1048576K
}
Event: 11.552 GC heap before
{Heap before GC invocations=31 (full 0):
 garbage-first heap   total 162816K, used 130705K [0x0000000080000000, 0x0000000100000000)
  region size 1024K, 62 young (63488K), 8 survivors (8192K)
 Metaspace       used 96030K, committed 96768K, reserved 1179648K
  class space    used 13352K, committed 13760K, reserved 1048576K
}
Event: 11.565 GC heap after
{Heap after GC invocations=32 (full 0):
 garbage-first heap   total 162816K, used 93300K [0x0000000080000000, 0x0000000100000000)
  region size 1024K, 8 young (8192K), 8 survivors (8192K)
 Metaspace       used 96030K, committed 96768K, reserved 1179648K
  class space    used 13352K, committed 13760K, reserved 1048576K
}
Event: 11.579 GC heap before
{Heap before GC invocations=32 (full 0):
 garbage-first heap   total 162816K, used 93300K [0x0000000080000000, 0x0000000100000000)
  region size 1024K, 9 young (9216K), 8 survivors (8192K)
 Metaspace       used 96033K, committed 96768K, reserved 1179648K
  class space    used 13352K, committed 13760K, reserved 1048576K
}
Event: 11.587 GC heap after
{Heap after GC invocations=33 (full 0):
 garbage-first heap   total 162816K, used 95043K [0x0000000080000000, 0x0000000100000000)
  region size 1024K, 1 young (1024K), 1 survivors (1024K)
 Metaspace       used 96033K, committed 96768K, reserved 1179648K
  class space    used 13352K, committed 13760K, reserved 1048576K
}
Event: 11.835 GC heap before
{Heap before GC invocations=34 (full 0):
 garbage-first heap   total 179200K, used 128835K [0x0000000080000000, 0x0000000100000000)
  region size 1024K, 26 young (26624K), 1 survivors (1024K)
 Metaspace       used 96221K, committed 96960K, reserved 1179648K
  class space    used 13378K, committed 13760K, reserved 1048576K
}
Event: 11.838 GC heap after
{Heap after GC invocations=35 (full 0):
 garbage-first heap   total 179200K, used 98885K [0x0000000080000000, 0x0000000100000000)
  region size 1024K, 3 young (3072K), 3 survivors (3072K)
 Metaspace       used 96221K, committed 96960K, reserved 1179648K
  class space    used 13378K, committed 13760K, reserved 1048576K
}
Event: 11.932 GC heap before
{Heap before GC invocations=35 (full 0):
 garbage-first heap   total 179200K, used 109125K [0x0000000080000000, 0x0000000100000000)
  region size 1024K, 15 young (15360K), 3 survivors (3072K)
 Metaspace       used 96258K, committed 97024K, reserved 1179648K
  class space    used 13378K, committed 13760K, reserved 1048576K
}
Event: 11.941 GC heap after
{Heap after GC invocations=36 (full 0):
 garbage-first heap   total 179200K, used 105403K [0x0000000080000000, 0x0000000100000000)
  region size 1024K, 5 young (5120K), 5 survivors (5120K)
 Metaspace       used 96258K, committed 97024K, reserved 1179648K
  class space    used 13378K, committed 13760K, reserved 1048576K
}
Event: 12.209 GC heap before
{Heap before GC invocations=37 (full 0):
 garbage-first heap   total 209920K, used 149435K [0x0000000080000000, 0x0000000100000000)
  region size 1024K, 34 young (34816K), 5 survivors (5120K)
 Metaspace       used 97822K, committed 98624K, reserved 1179648K
  class space    used 13541K, committed 13952K, reserved 1048576K
}
Event: 12.214 GC heap after
{Heap after GC invocations=38 (full 0):
 garbage-first heap   total 209920K, used 105709K [0x0000000080000000, 0x0000000100000000)
  region size 1024K, 3 young (3072K), 3 survivors (3072K)
 Metaspace       used 97822K, committed 98624K, reserved 1179648K
  class space    used 13541K, committed 13952K, reserved 1048576K
}
Event: 12.247 GC heap before
{Heap before GC invocations=38 (full 0):
 garbage-first heap   total 209920K, used 111853K [0x0000000080000000, 0x0000000100000000)
  region size 1024K, 10 young (10240K), 3 survivors (3072K)
 Metaspace       used 97996K, committed 98752K, reserved 1179648K
  class space    used 13555K, committed 13952K, reserved 1048576K
}

